INFO : Fri Aug 23 2019 14:10:30 GMT-0400 Server starting 
INFO : Fri Aug 23 2019 14:10:30 GMT-0400 Server listening on port 3001 
INFO : Fri Aug 23 2019 14:10:30 GMT-0400 Successfully connected to Redis server 
INFO : Fri Aug 23 2019 14:10:30 GMT-0400 Connected to database 
INFO : Fri Aug 23 2019 14:30:37 GMT-0400 Server starting 
INFO : Fri Aug 23 2019 14:30:38 GMT-0400 Server listening on port 3001 
INFO : Fri Aug 23 2019 14:30:38 GMT-0400 Successfully connected to Redis server 
INFO : Fri Aug 23 2019 14:30:38 GMT-0400 Connected to database 
INFO : Fri Aug 23 2019 14:31:43 GMT-0400 Server starting 
INFO : Fri Aug 23 2019 14:31:43 GMT-0400 Server listening on port 3001 
INFO : Fri Aug 23 2019 14:31:43 GMT-0400 Successfully connected to Redis server 
INFO : Fri Aug 23 2019 14:31:43 GMT-0400 Connected to database 
INFO : Fri Aug 23 2019 14:44:38 GMT-0400 Server starting 
INFO : Fri Aug 23 2019 14:44:38 GMT-0400 Server listening on port 3001 
INFO : Fri Aug 23 2019 14:44:38 GMT-0400 Successfully connected to Redis server 
INFO : Fri Aug 23 2019 14:44:39 GMT-0400 Connected to database 
INFO : Fri Aug 23 2019 14:45:12 GMT-0400 Server starting 
INFO : Fri Aug 23 2019 14:45:12 GMT-0400 Server listening on port 3001 
INFO : Fri Aug 23 2019 14:45:12 GMT-0400 Successfully connected to Redis server 
INFO : Fri Aug 23 2019 14:45:13 GMT-0400 Connected to database 
INFO : Fri Aug 23 2019 14:46:42 GMT-0400 Server starting 
INFO : Fri Aug 23 2019 14:46:42 GMT-0400 Server listening on port 3001 
INFO : Fri Aug 23 2019 14:46:43 GMT-0400 Successfully connected to Redis server 
INFO : Fri Aug 23 2019 14:46:43 GMT-0400 Connected to database 
INFO : Fri Aug 23 2019 14:46:47 GMT-0400 Server starting 
INFO : Fri Aug 23 2019 14:46:47 GMT-0400 Server listening on port 3001 
INFO : Fri Aug 23 2019 14:46:47 GMT-0400 Successfully connected to Redis server 
INFO : Fri Aug 23 2019 14:46:48 GMT-0400 Connected to database 
WARN : Fri Aug 23 2019 15:08:15 GMT-0400 Request rejected due to invalid token 
INFO : Fri Aug 23 2019 15:20:05 GMT-0400 Updating user's last online time 
WARN : Fri Aug 23 2019 15:20:05 GMT-0400 Request rejected due to invalid token 
INFO : Fri Aug 23 2019 15:20:08 GMT-0400 Updating user's last online time 
INFO : Fri Aug 23 2019 15:20:09 GMT-0400 Updating user's last online time 
INFO : Fri Aug 23 2019 15:23:03 GMT-0400 Updating user's last online time 
WARN : Fri Aug 23 2019 15:23:03 GMT-0400 Request rejected due to invalid token 
INFO : Fri Aug 23 2019 15:23:20 GMT-0400 Updating user's last online time 
WARN : Fri Aug 23 2019 15:23:20 GMT-0400 Request rejected due to invalid token 
INFO : Fri Aug 23 2019 15:25:11 GMT-0400 Updating user's last online time 
INFO : Fri Aug 23 2019 15:28:36 GMT-0400 Server starting 
INFO : Fri Aug 23 2019 15:28:36 GMT-0400 Server listening on port 3001 
INFO : Fri Aug 23 2019 15:28:37 GMT-0400 Successfully connected to Redis server 
INFO : Fri Aug 23 2019 15:28:37 GMT-0400 Connected to database 
INFO : Fri Aug 23 2019 15:29:04 GMT-0400 Server starting 
INFO : Fri Aug 23 2019 15:29:04 GMT-0400 Server listening on port 3001 
INFO : Fri Aug 23 2019 15:29:04 GMT-0400 Successfully connected to Redis server 
INFO : Fri Aug 23 2019 15:29:04 GMT-0400 Connected to database 
INFO : Fri Aug 23 2019 15:29:36 GMT-0400 Server starting 
INFO : Fri Aug 23 2019 15:29:36 GMT-0400 Server listening on port 3001 
INFO : Fri Aug 23 2019 15:29:36 GMT-0400 Successfully connected to Redis server 
INFO : Fri Aug 23 2019 15:29:36 GMT-0400 Connected to database 
INFO : Fri Aug 23 2019 15:31:30 GMT-0400 Server starting 
INFO : Fri Aug 23 2019 15:31:30 GMT-0400 Server listening on port 3001 
INFO : Fri Aug 23 2019 15:31:30 GMT-0400 Successfully connected to Redis server 
INFO : Fri Aug 23 2019 15:31:31 GMT-0400 Connected to database 
INFO : Fri Aug 23 2019 15:33:28 GMT-0400 Server starting 
INFO : Fri Aug 23 2019 15:33:28 GMT-0400 Server listening on port 3001 
INFO : Fri Aug 23 2019 15:33:28 GMT-0400 Successfully connected to Redis server 
INFO : Fri Aug 23 2019 15:33:28 GMT-0400 Connected to database 
INFO : Fri Aug 23 2019 15:33:45 GMT-0400 Server starting 
INFO : Fri Aug 23 2019 15:33:45 GMT-0400 Server listening on port 3001 
INFO : Fri Aug 23 2019 15:33:45 GMT-0400 Successfully connected to Redis server 
INFO : Fri Aug 23 2019 15:33:46 GMT-0400 Connected to database 
INFO : Fri Aug 23 2019 15:34:28 GMT-0400 Server starting 
INFO : Fri Aug 23 2019 15:34:28 GMT-0400 Server listening on port 3001 
INFO : Fri Aug 23 2019 15:34:28 GMT-0400 Successfully connected to Redis server 
INFO : Fri Aug 23 2019 15:34:28 GMT-0400 Connected to database 
INFO : Fri Aug 23 2019 15:34:40 GMT-0400 Server starting 
INFO : Fri Aug 23 2019 15:34:40 GMT-0400 Server listening on port 3001 
INFO : Fri Aug 23 2019 15:34:40 GMT-0400 Successfully connected to Redis server 
INFO : Fri Aug 23 2019 15:34:40 GMT-0400 Connected to database 
INFO : Fri Aug 23 2019 15:35:57 GMT-0400 Server starting 
INFO : Fri Aug 23 2019 15:35:57 GMT-0400 Server listening on port 3001 
INFO : Fri Aug 23 2019 15:35:57 GMT-0400 Successfully connected to Redis server 
INFO : Fri Aug 23 2019 15:35:58 GMT-0400 Connected to database 
INFO : Fri Aug 23 2019 15:36:00 GMT-0400 Server starting 
INFO : Fri Aug 23 2019 15:36:00 GMT-0400 Server listening on port 3001 
INFO : Fri Aug 23 2019 15:36:00 GMT-0400 Successfully connected to Redis server 
INFO : Fri Aug 23 2019 15:36:01 GMT-0400 Connected to database 
INFO : Fri Aug 23 2019 15:36:42 GMT-0400 Server starting 
INFO : Fri Aug 23 2019 15:36:42 GMT-0400 Server listening on port 3001 
INFO : Fri Aug 23 2019 15:36:42 GMT-0400 Successfully connected to Redis server 
INFO : Fri Aug 23 2019 15:36:42 GMT-0400 Connected to database 
INFO : Fri Aug 23 2019 15:36:47 GMT-0400 Server starting 
INFO : Fri Aug 23 2019 15:36:47 GMT-0400 Server listening on port 3001 
INFO : Fri Aug 23 2019 15:36:47 GMT-0400 Successfully connected to Redis server 
INFO : Fri Aug 23 2019 15:36:47 GMT-0400 Connected to database 
INFO : Fri Aug 23 2019 15:37:57 GMT-0400 Server starting 
INFO : Fri Aug 23 2019 15:37:57 GMT-0400 Server listening on port 3001 
INFO : Fri Aug 23 2019 15:37:57 GMT-0400 Successfully connected to Redis server 
INFO : Fri Aug 23 2019 15:37:57 GMT-0400 Connected to database 
INFO : Fri Aug 23 2019 15:39:16 GMT-0400 Server starting 
INFO : Fri Aug 23 2019 15:39:16 GMT-0400 Server listening on port 3001 
INFO : Fri Aug 23 2019 15:39:16 GMT-0400 Successfully connected to Redis server 
INFO : Fri Aug 23 2019 15:39:17 GMT-0400 Connected to database 
INFO : Fri Aug 23 2019 15:39:38 GMT-0400 Server starting 
INFO : Fri Aug 23 2019 15:39:38 GMT-0400 Server listening on port 3001 
INFO : Fri Aug 23 2019 15:39:38 GMT-0400 Successfully connected to Redis server 
INFO : Fri Aug 23 2019 15:39:39 GMT-0400 Connected to database 
INFO : Fri Aug 23 2019 15:39:42 GMT-0400 Server starting 
INFO : Fri Aug 23 2019 15:39:42 GMT-0400 Server listening on port 3001 
INFO : Fri Aug 23 2019 15:39:42 GMT-0400 Successfully connected to Redis server 
INFO : Fri Aug 23 2019 15:39:43 GMT-0400 Connected to database 
INFO : Fri Aug 23 2019 15:40:32 GMT-0400 Server starting 
INFO : Fri Aug 23 2019 15:40:32 GMT-0400 Server listening on port 3001 
INFO : Fri Aug 23 2019 15:40:32 GMT-0400 Successfully connected to Redis server 
INFO : Fri Aug 23 2019 15:40:33 GMT-0400 Connected to database 
INFO : Fri Aug 23 2019 15:41:06 GMT-0400 Server starting 
INFO : Fri Aug 23 2019 15:41:06 GMT-0400 Server listening on port 3001 
INFO : Fri Aug 23 2019 15:41:07 GMT-0400 Successfully connected to Redis server 
INFO : Fri Aug 23 2019 15:41:07 GMT-0400 Connected to database 
INFO : Fri Aug 23 2019 15:45:20 GMT-0400 Server starting 
INFO : Fri Aug 23 2019 15:45:20 GMT-0400 Server listening on port 3001 
INFO : Fri Aug 23 2019 15:45:21 GMT-0400 Successfully connected to Redis server 
INFO : Fri Aug 23 2019 15:45:21 GMT-0400 Connected to database 
