INIT : 2019-09-13T13:27:05-04:00 Handler registered 
INFO : 2019-09-13T13:27:05-04:00 Server listening on port 3001 
INFO : 2019-09-13T13:27:05-04:00 Successfully connected to Redis server 
INFO : 2019-09-13T13:27:06-04:00 Connected to database 
TRACE: 2019-09-13T13:27:29-04:00 Request accepts json 
TRACE: 2019-09-13T13:27:30-04:00 Request accepts json 
TRACE: 2019-09-13T13:27:30-04:00 Request accepts json 
TRACE: 2019-09-13T13:27:30-04:00 Request accepts json 
TRACE: 2019-09-13T13:27:30-04:00 Request accepts json 
TRACE: 2019-09-13T13:27:30-04:00 Request accepts json 
TRACE: 2019-09-13T13:27:30-04:00 Request accepts json 
TRACE: 2019-09-13T13:27:30-04:00 Request accepts json 
TRACE: 2019-09-13T13:27:30-04:00 Request accepts json 
TRACE: 2019-09-13T13:27:30-04:00 Request accepts json 
WARN : 2019-09-13T13:27:30-04:00 Request rejected due to invalid session token 
TRACE: 2019-09-13T13:27:30-04:00 API information added to response body 
TRACE: 2019-09-13T13:27:30-04:00 API information added to response body 
TRACE: 2019-09-13T13:27:31-04:00 Request accepts json 
TRACE: 2019-09-13T13:27:31-04:00 Request sent valid CSRF token 
TRACE: 2019-09-13T13:27:31-04:00 API information added to response body 
DEBUG: 2019-09-13T13:27:31-04:00 Ensuring that password is removed from response body 
TRACE: 2019-09-13T13:27:31-04:00 API information added to response body 
TRACE: 2019-09-13T13:28:29-04:00 Request accepts json 
TRACE: 2019-09-13T13:28:29-04:00 Request accepts json 
DEBUG: 2019-09-13T13:28:29-04:00 Valid authorization token sent 
TRACE: 2019-09-13T13:28:29-04:00 API information added to response body 
TRACE: 2019-09-13T13:28:29-04:00 API information added to response body 
INFO : 2019-09-13T13:28:29-04:00 Updating user's last online time 
DEBUG: 2019-09-13T13:28:29-04:00 caching /api/armory?page=1&count=10&sortColumn=_id&sortOrder=1 for 3600 seconds 
TRACE: 2019-09-13T13:28:29-04:00 API information added to response body 
TRACE: 2019-09-13T13:28:29-04:00 API information added to response body 
TRACE: 2019-09-13T13:29:52-04:00 Request accepts json 
TRACE: 2019-09-13T13:29:52-04:00 Request accepts json 
TRACE: 2019-09-13T13:29:52-04:00 Request accepts json 
TRACE: 2019-09-13T13:29:52-04:00 Request accepts json 
TRACE: 2019-09-13T13:29:52-04:00 Request accepts json 
TRACE: 2019-09-13T13:29:52-04:00 Request accepts json 
TRACE: 2019-09-13T13:29:52-04:00 Request accepts json 
TRACE: 2019-09-13T13:29:52-04:00 Request accepts json 
DEBUG: 2019-09-13T13:29:52-04:00 Valid authorization token sent 
TRACE: 2019-09-13T13:29:52-04:00 Request accepts json 
TRACE: 2019-09-13T13:29:52-04:00 Request accepts json 
TRACE: 2019-09-13T13:29:52-04:00 Request accepts json 
INFO : 2019-09-13T13:29:52-04:00 Updating user's last online time 
TRACE: 2019-09-13T13:29:52-04:00 API information added to response body 
TRACE: 2019-09-13T13:29:52-04:00 API information added to response body 
TRACE: 2019-09-13T13:29:52-04:00 API information added to response body 
DEBUG: 2019-09-13T13:29:52-04:00 Ensuring that password is removed from response body 
TRACE: 2019-09-13T13:29:52-04:00 API information added to response body 
TRACE: 2019-09-13T13:29:53-04:00 Request accepts json 
TRACE: 2019-09-13T13:29:53-04:00 Request sent valid CSRF token 
TRACE: 2019-09-13T13:29:53-04:00 API information added to response body 
DEBUG: 2019-09-13T13:29:54-04:00 Ensuring that password is removed from response body 
TRACE: 2019-09-13T13:29:54-04:00 API information added to response body 
INIT : 2019-09-13T13:33:55-04:00 Handler registered 
INFO : 2019-09-13T13:33:55-04:00 Server listening on port 3001 
INFO : 2019-09-13T13:33:55-04:00 Successfully connected to Redis server 
INFO : 2019-09-13T13:33:56-04:00 Connected to database 
TRACE: 2019-09-13T13:34:07-04:00 Request accepts json 
TRACE: 2019-09-13T13:34:07-04:00 Request accepts json 
TRACE: 2019-09-13T13:34:07-04:00 Request accepts json 
TRACE: 2019-09-13T13:34:07-04:00 Request accepts json 
TRACE: 2019-09-13T13:34:07-04:00 Request accepts json 
TRACE: 2019-09-13T13:34:07-04:00 Request accepts json 
TRACE: 2019-09-13T13:34:07-04:00 Request accepts json 
TRACE: 2019-09-13T13:34:07-04:00 Request accepts json 
TRACE: 2019-09-13T13:34:07-04:00 API information added to response body 
TRACE: 2019-09-13T13:34:07-04:00 API information added to response body 
DEBUG: 2019-09-13T13:34:08-04:00 Valid authorization token sent 
INFO : 2019-09-13T13:34:08-04:00 Updating user's last online time 
TRACE: 2019-09-13T13:34:08-04:00 API information added to response body 
DEBUG: 2019-09-13T13:34:08-04:00 Ensuring that password is removed from response body 
TRACE: 2019-09-13T13:34:08-04:00 API information added to response body 
TRACE: 2019-09-13T13:34:09-04:00 Request accepts json 
TRACE: 2019-09-13T13:34:09-04:00 Request sent valid CSRF token 
TRACE: 2019-09-13T13:34:09-04:00 API information added to response body 
DEBUG: 2019-09-13T13:34:09-04:00 Ensuring that password is removed from response body 
TRACE: 2019-09-13T13:34:09-04:00 API information added to response body 
TRACE: 2019-09-13T13:34:12-04:00 Request accepts json 
TRACE: 2019-09-13T13:34:12-04:00 Request accepts json 
TRACE: 2019-09-13T13:34:12-04:00 Request accepts json 
TRACE: 2019-09-13T13:34:12-04:00 Request accepts json 
INIT : 2019-09-13T13:36:13-04:00 Handler registered 
INFO : 2019-09-13T13:36:13-04:00 Server listening on port 3001 
INFO : 2019-09-13T13:36:14-04:00 Successfully connected to Redis server 
INFO : 2019-09-13T13:36:14-04:00 Connected to database 
TRACE: 2019-09-13T13:36:17-04:00 Request accepts json 
TRACE: 2019-09-13T13:36:17-04:00 Request accepts json 
TRACE: 2019-09-13T13:36:17-04:00 Request accepts json 
TRACE: 2019-09-13T13:36:17-04:00 Request accepts json 
TRACE: 2019-09-13T13:36:17-04:00 Request accepts json 
TRACE: 2019-09-13T13:36:17-04:00 Request accepts json 
TRACE: 2019-09-13T13:36:17-04:00 Request accepts json 
TRACE: 2019-09-13T13:36:17-04:00 Request accepts json 
DEBUG: 2019-09-13T13:36:17-04:00 Valid authorization token sent 
TRACE: 2019-09-13T13:36:17-04:00 Request accepts json 
TRACE: 2019-09-13T13:36:17-04:00 Request accepts json 
TRACE: 2019-09-13T13:36:17-04:00 Request accepts json 
INFO : 2019-09-13T13:36:17-04:00 Updating user's last online time 
TRACE: 2019-09-13T13:36:17-04:00 API information added to response body 
TRACE: 2019-09-13T13:36:17-04:00 API information added to response body 
TRACE: 2019-09-13T13:36:17-04:00 API information added to response body 
DEBUG: 2019-09-13T13:36:17-04:00 Ensuring that password is removed from response body 
TRACE: 2019-09-13T13:36:17-04:00 API information added to response body 
TRACE: 2019-09-13T13:36:18-04:00 Request accepts json 
TRACE: 2019-09-13T13:36:18-04:00 Request sent valid CSRF token 
TRACE: 2019-09-13T13:36:18-04:00 API information added to response body 
DEBUG: 2019-09-13T13:36:18-04:00 Ensuring that password is removed from response body 
TRACE: 2019-09-13T13:36:18-04:00 API information added to response body 
INIT : 2019-09-13T13:44:13-04:00 Handler registered 
INFO : 2019-09-13T13:44:13-04:00 Server listening on port 3001 
INFO : 2019-09-13T13:44:13-04:00 Successfully connected to Redis server 
INFO : 2019-09-13T13:44:14-04:00 Connected to database 
TRACE: 2019-09-13T13:44:42-04:00 Request accepts json 
TRACE: 2019-09-13T13:44:42-04:00 Request accepts json 
TRACE: 2019-09-13T13:44:42-04:00 Request accepts json 
TRACE: 2019-09-13T13:44:42-04:00 Request accepts json 
TRACE: 2019-09-13T13:44:42-04:00 Request accepts json 
TRACE: 2019-09-13T13:44:42-04:00 Request accepts json 
TRACE: 2019-09-13T13:44:42-04:00 Request accepts json 
TRACE: 2019-09-13T13:44:42-04:00 Request accepts json 
DEBUG: 2019-09-13T13:44:42-04:00 Valid authorization token sent 
TRACE: 2019-09-13T13:44:42-04:00 Request accepts json 
TRACE: 2019-09-13T13:44:42-04:00 Request accepts json 
TRACE: 2019-09-13T13:44:42-04:00 Request accepts json 
INFO : 2019-09-13T13:44:42-04:00 Updating user's last online time 
TRACE: 2019-09-13T13:44:42-04:00 API information added to response body 
TRACE: 2019-09-13T13:44:42-04:00 API information added to response body 
TRACE: 2019-09-13T13:44:43-04:00 API information added to response body 
DEBUG: 2019-09-13T13:44:43-04:00 Ensuring that password is removed from response body 
TRACE: 2019-09-13T13:44:43-04:00 API information added to response body 
TRACE: 2019-09-13T13:44:46-04:00 Request accepts json 
TRACE: 2019-09-13T13:44:46-04:00 Request sent valid CSRF token 
TRACE: 2019-09-13T13:44:46-04:00 API information added to response body 
DEBUG: 2019-09-13T13:44:46-04:00 Ensuring that password is removed from response body 
TRACE: 2019-09-13T13:44:46-04:00 API information added to response body 
INIT : 2019-09-13T13:46:08-04:00 Handler registered 
INFO : 2019-09-13T13:46:08-04:00 Server listening on port 3001 
INFO : 2019-09-13T13:46:08-04:00 Successfully connected to Redis server 
INFO : 2019-09-13T13:46:09-04:00 Connected to database 
TRACE: 2019-09-13T13:46:10-04:00 Request accepts json 
TRACE: 2019-09-13T13:46:10-04:00 Request accepts json 
TRACE: 2019-09-13T13:46:10-04:00 Request accepts json 
TRACE: 2019-09-13T13:46:10-04:00 Request accepts json 
TRACE: 2019-09-13T13:46:10-04:00 Request accepts json 
TRACE: 2019-09-13T13:46:10-04:00 Request accepts json 
TRACE: 2019-09-13T13:46:10-04:00 Request accepts json 
TRACE: 2019-09-13T13:46:10-04:00 Request accepts json 
DEBUG: 2019-09-13T13:46:10-04:00 Valid authorization token sent 
TRACE: 2019-09-13T13:46:10-04:00 Request accepts json 
TRACE: 2019-09-13T13:46:10-04:00 Request accepts json 
TRACE: 2019-09-13T13:46:10-04:00 Request accepts json 
INFO : 2019-09-13T13:46:10-04:00 Updating user's last online time 
TRACE: 2019-09-13T13:46:10-04:00 API information added to response body 
TRACE: 2019-09-13T13:46:10-04:00 API information added to response body 
TRACE: 2019-09-13T13:46:11-04:00 API information added to response body 
DEBUG: 2019-09-13T13:46:11-04:00 Ensuring that password is removed from response body 
TRACE: 2019-09-13T13:46:11-04:00 API information added to response body 
TRACE: 2019-09-13T13:46:15-04:00 Request accepts json 
TRACE: 2019-09-13T13:46:15-04:00 Request sent valid CSRF token 
TRACE: 2019-09-13T13:46:15-04:00 API information added to response body 
DEBUG: 2019-09-13T13:46:15-04:00 Ensuring that password is removed from response body 
TRACE: 2019-09-13T13:46:15-04:00 API information added to response body 
TRACE: 2019-09-13T13:46:18-04:00 Request accepts json 
TRACE: 2019-09-13T13:46:18-04:00 Request accepts json 
TRACE: 2019-09-13T13:46:18-04:00 API information added to response body 
TRACE: 2019-09-13T13:46:18-04:00 API information added to response body 
DEBUG: 2019-09-13T13:46:18-04:00 Valid authorization token sent 
INFO : 2019-09-13T13:46:18-04:00 Updating user's last online time 
TRACE: 2019-09-13T13:46:18-04:00 Data retrieved from cache 
DEBUG: 2019-09-13T13:46:18-04:00 caching /api/armory?page=1&count=10&sortColumn=_id&sortOrder=1 for 3600 seconds 
TRACE: 2019-09-13T13:47:46-04:00 Request accepts json 
DEBUG: 2019-09-13T13:47:46-04:00 Valid authorization token sent 
INFO : 2019-09-13T13:47:47-04:00 Updating user's last online time 
DEBUG: 2019-09-13T13:47:47-04:00 caching /api/organization?page=1&sortColumn=_id&sortOrder=1 for 3600 seconds 
TRACE: 2019-09-13T13:47:47-04:00 API information added to response body 
TRACE: 2019-09-13T13:47:47-04:00 API information added to response body 
INIT : 2019-09-13T13:52:53-04:00 Handler registered 
INFO : 2019-09-13T13:52:53-04:00 Server listening on port 3001 
INFO : 2019-09-13T13:52:53-04:00 Successfully connected to Redis server 
INFO : 2019-09-13T13:52:54-04:00 Connected to database 
TRACE: 2019-09-13T13:53:08-04:00 Request accepts json 
TRACE: 2019-09-13T13:53:08-04:00 Request accepts json 
TRACE: 2019-09-13T13:53:08-04:00 Request accepts json 
TRACE: 2019-09-13T13:53:08-04:00 Request accepts json 
TRACE: 2019-09-13T13:53:08-04:00 Request accepts json 
TRACE: 2019-09-13T13:53:08-04:00 Request accepts json 
TRACE: 2019-09-13T13:53:08-04:00 Request accepts json 
TRACE: 2019-09-13T13:53:08-04:00 Request accepts json 
TRACE: 2019-09-13T13:53:08-04:00 Request accepts json 
DEBUG: 2019-09-13T13:53:08-04:00 Valid authorization token sent 
TRACE: 2019-09-13T13:53:08-04:00 Request accepts json 
TRACE: 2019-09-13T13:53:08-04:00 Request accepts json 
INFO : 2019-09-13T13:53:08-04:00 Updating user's last online time 
TRACE: 2019-09-13T13:53:08-04:00 API information added to response body 
TRACE: 2019-09-13T13:53:08-04:00 API information added to response body 
TRACE: 2019-09-13T13:53:09-04:00 API information added to response body 
DEBUG: 2019-09-13T13:53:09-04:00 Ensuring that password is removed from response body 
TRACE: 2019-09-13T13:53:09-04:00 API information added to response body 
TRACE: 2019-09-13T13:53:10-04:00 Request accepts json 
TRACE: 2019-09-13T13:53:10-04:00 Request sent valid CSRF token 
TRACE: 2019-09-13T13:53:10-04:00 API information added to response body 
DEBUG: 2019-09-13T13:53:10-04:00 Ensuring that password is removed from response body 
TRACE: 2019-09-13T13:53:10-04:00 API information added to response body 
TRACE: 2019-09-13T13:53:12-04:00 Request accepts json 
TRACE: 2019-09-13T13:53:12-04:00 Request accepts json 
DEBUG: 2019-09-13T13:53:12-04:00 Valid authorization token sent 
TRACE: 2019-09-13T13:53:12-04:00 API information added to response body 
TRACE: 2019-09-13T13:53:12-04:00 API information added to response body 
INFO : 2019-09-13T13:53:12-04:00 Updating user's last online time 
TRACE: 2019-09-13T13:53:12-04:00 Data retrieved from cache 
DEBUG: 2019-09-13T13:53:12-04:00 caching /api/armory?page=1&count=10&sortColumn=_id&sortOrder=1 for 3600 seconds 
INIT : 2019-09-13T13:53:35-04:00 Handler registered 
INFO : 2019-09-13T13:53:35-04:00 Server listening on port 3001 
INFO : 2019-09-13T13:53:35-04:00 Successfully connected to Redis server 
INFO : 2019-09-13T13:53:35-04:00 Connected to database 
TRACE: 2019-09-13T13:53:49-04:00 Request accepts json 
TRACE: 2019-09-13T13:53:49-04:00 Request accepts json 
TRACE: 2019-09-13T13:53:49-04:00 Request accepts json 
TRACE: 2019-09-13T13:53:49-04:00 Request accepts json 
TRACE: 2019-09-13T13:53:49-04:00 Request accepts json 
TRACE: 2019-09-13T13:53:49-04:00 Request accepts json 
TRACE: 2019-09-13T13:53:49-04:00 Request accepts json 
TRACE: 2019-09-13T13:53:50-04:00 Request accepts json 
DEBUG: 2019-09-13T13:53:50-04:00 Valid authorization token sent 
TRACE: 2019-09-13T13:53:50-04:00 Request accepts json 
TRACE: 2019-09-13T13:53:50-04:00 Request accepts json 
TRACE: 2019-09-13T13:53:50-04:00 Request accepts json 
INFO : 2019-09-13T13:53:50-04:00 Updating user's last online time 
TRACE: 2019-09-13T13:53:50-04:00 API information added to response body 
TRACE: 2019-09-13T13:53:50-04:00 API information added to response body 
TRACE: 2019-09-13T13:53:50-04:00 API information added to response body 
DEBUG: 2019-09-13T13:53:50-04:00 Ensuring that password is removed from response body 
TRACE: 2019-09-13T13:53:50-04:00 API information added to response body 
TRACE: 2019-09-13T13:53:51-04:00 Request accepts json 
TRACE: 2019-09-13T13:53:52-04:00 Request sent valid CSRF token 
TRACE: 2019-09-13T13:53:52-04:00 API information added to response body 
DEBUG: 2019-09-13T13:53:52-04:00 Ensuring that password is removed from response body 
TRACE: 2019-09-13T13:53:52-04:00 API information added to response body 
TRACE: 2019-09-13T13:53:53-04:00 Request accepts json 
TRACE: 2019-09-13T13:53:53-04:00 Request accepts json 
TRACE: 2019-09-13T13:53:53-04:00 API information added to response body 
TRACE: 2019-09-13T13:53:53-04:00 API information added to response body 
DEBUG: 2019-09-13T13:53:53-04:00 Valid authorization token sent 
INFO : 2019-09-13T13:53:53-04:00 Updating user's last online time 
TRACE: 2019-09-13T13:53:53-04:00 Data retrieved from cache 
DEBUG: 2019-09-13T13:53:53-04:00 caching /api/armory?page=1&count=10&sortColumn=_id&sortOrder=1 for 3600 seconds 
TRACE: 2019-09-13T13:54:27-04:00 Request accepts json 
TRACE: 2019-09-13T13:54:27-04:00 Request accepts json 
TRACE: 2019-09-13T13:54:27-04:00 Request accepts json 
TRACE: 2019-09-13T13:54:27-04:00 Request accepts json 
TRACE: 2019-09-13T13:54:27-04:00 Request accepts json 
TRACE: 2019-09-13T13:54:27-04:00 Request accepts json 
TRACE: 2019-09-13T13:54:27-04:00 Request accepts json 
TRACE: 2019-09-13T13:54:27-04:00 Request accepts json 
DEBUG: 2019-09-13T13:54:27-04:00 Valid authorization token sent 
TRACE: 2019-09-13T13:54:27-04:00 Request accepts json 
TRACE: 2019-09-13T13:54:27-04:00 Request accepts json 
TRACE: 2019-09-13T13:54:27-04:00 Request accepts json 
INFO : 2019-09-13T13:54:27-04:00 Updating user's last online time 
TRACE: 2019-09-13T13:54:27-04:00 API information added to response body 
TRACE: 2019-09-13T13:54:27-04:00 API information added to response body 
TRACE: 2019-09-13T13:54:27-04:00 API information added to response body 
DEBUG: 2019-09-13T13:54:27-04:00 Ensuring that password is removed from response body 
TRACE: 2019-09-13T13:54:27-04:00 API information added to response body 
TRACE: 2019-09-13T13:54:29-04:00 Request accepts json 
TRACE: 2019-09-13T13:54:29-04:00 Request sent valid CSRF token 
TRACE: 2019-09-13T13:54:29-04:00 API information added to response body 
DEBUG: 2019-09-13T13:54:29-04:00 Ensuring that password is removed from response body 
TRACE: 2019-09-13T13:54:29-04:00 API information added to response body 
TRACE: 2019-09-13T13:54:33-04:00 Request accepts json 
TRACE: 2019-09-13T13:54:33-04:00 Request accepts json 
TRACE: 2019-09-13T13:54:33-04:00 API information added to response body 
TRACE: 2019-09-13T13:54:33-04:00 API information added to response body 
DEBUG: 2019-09-13T13:54:33-04:00 Valid authorization token sent 
INFO : 2019-09-13T13:54:33-04:00 Updating user's last online time 
TRACE: 2019-09-13T13:54:33-04:00 Data retrieved from cache 
DEBUG: 2019-09-13T13:54:34-04:00 caching /api/armory?page=1&count=10&sortColumn=_id&sortOrder=1 for 3600 seconds 
INIT : 2019-09-13T13:54:59-04:00 Handler registered 
INFO : 2019-09-13T13:54:59-04:00 Server listening on port 3001 
INFO : 2019-09-13T13:54:59-04:00 Successfully connected to Redis server 
INFO : 2019-09-13T13:54:59-04:00 Connected to database 
TRACE: 2019-09-13T13:55:02-04:00 Request accepts json 
TRACE: 2019-09-13T13:55:02-04:00 Request accepts json 
TRACE: 2019-09-13T13:55:02-04:00 Request accepts json 
TRACE: 2019-09-13T13:55:02-04:00 Request accepts json 
TRACE: 2019-09-13T13:55:02-04:00 Request accepts json 
TRACE: 2019-09-13T13:55:02-04:00 Request accepts json 
TRACE: 2019-09-13T13:55:02-04:00 Request accepts json 
TRACE: 2019-09-13T13:55:02-04:00 Request accepts json 
DEBUG: 2019-09-13T13:55:02-04:00 Valid authorization token sent 
TRACE: 2019-09-13T13:55:02-04:00 Request accepts json 
TRACE: 2019-09-13T13:55:02-04:00 Request accepts json 
TRACE: 2019-09-13T13:55:02-04:00 Request accepts json 
INFO : 2019-09-13T13:55:02-04:00 Updating user's last online time 
TRACE: 2019-09-13T13:55:02-04:00 API information added to response body 
TRACE: 2019-09-13T13:55:02-04:00 API information added to response body 
TRACE: 2019-09-13T13:55:03-04:00 API information added to response body 
DEBUG: 2019-09-13T13:55:03-04:00 Ensuring that password is removed from response body 
TRACE: 2019-09-13T13:55:03-04:00 API information added to response body 
TRACE: 2019-09-13T13:55:17-04:00 Request accepts json 
TRACE: 2019-09-13T13:55:17-04:00 Request sent valid CSRF token 
TRACE: 2019-09-13T13:55:18-04:00 API information added to response body 
DEBUG: 2019-09-13T13:55:18-04:00 Ensuring that password is removed from response body 
TRACE: 2019-09-13T13:55:18-04:00 API information added to response body 
TRACE: 2019-09-13T13:55:20-04:00 Request accepts json 
TRACE: 2019-09-13T13:55:20-04:00 Request accepts json 
DEBUG: 2019-09-13T13:55:20-04:00 Valid authorization token sent 
TRACE: 2019-09-13T13:55:20-04:00 API information added to response body 
TRACE: 2019-09-13T13:55:20-04:00 API information added to response body 
INFO : 2019-09-13T13:55:20-04:00 Updating user's last online time 
TRACE: 2019-09-13T13:55:20-04:00 Data retrieved from cache 
DEBUG: 2019-09-13T13:55:20-04:00 caching /api/armory?page=1&count=10&sortColumn=_id&sortOrder=1 for 3600 seconds 
TRACE: 2019-09-13T13:55:23-04:00 Request accepts json 
TRACE: 2019-09-13T13:55:23-04:00 Request accepts json 
DEBUG: 2019-09-13T13:55:23-04:00 Valid authorization token sent 
TRACE: 2019-09-13T13:55:23-04:00 API information added to response body 
TRACE: 2019-09-13T13:55:23-04:00 API information added to response body 
INFO : 2019-09-13T13:55:24-04:00 Updating user's last online time 
TRACE: 2019-09-13T13:55:24-04:00 Data retrieved from cache 
DEBUG: 2019-09-13T13:55:24-04:00 caching /api/armory?page=1&count=10&sortColumn=_id&sortOrder=1 for 3600 seconds 
TRACE: 2019-09-13T14:01:26-04:00 Request accepts json 
TRACE: 2019-09-13T14:01:26-04:00 Request accepts json 
TRACE: 2019-09-13T14:01:26-04:00 API information added to response body 
TRACE: 2019-09-13T14:01:26-04:00 API information added to response body 
DEBUG: 2019-09-13T14:01:26-04:00 Valid authorization token sent 
INFO : 2019-09-13T14:01:26-04:00 Updating user's last online time 
TRACE: 2019-09-13T14:01:26-04:00 Data retrieved from cache 
DEBUG: 2019-09-13T14:01:27-04:00 caching /api/armory?page=1&count=10&sortColumn=_id&sortOrder=1 for 3600 seconds 
INIT : 2019-09-13T14:06:21-04:00 Handler registered 
INFO : 2019-09-13T14:06:21-04:00 Server listening on port 3001 
INFO : 2019-09-13T14:06:21-04:00 Successfully connected to Redis server 
INFO : 2019-09-13T14:06:22-04:00 Connected to database 
TRACE: 2019-09-13T14:06:32-04:00 Request accepts json 
TRACE: 2019-09-13T14:06:32-04:00 Request accepts json 
TRACE: 2019-09-13T14:06:32-04:00 Request accepts json 
TRACE: 2019-09-13T14:06:32-04:00 Request accepts json 
TRACE: 2019-09-13T14:06:32-04:00 Request accepts json 
TRACE: 2019-09-13T14:06:32-04:00 Request accepts json 
TRACE: 2019-09-13T14:06:32-04:00 Request accepts json 
TRACE: 2019-09-13T14:06:32-04:00 Request accepts json 
TRACE: 2019-09-13T14:06:32-04:00 Request accepts json 
TRACE: 2019-09-13T14:06:32-04:00 Request accepts json 
TRACE: 2019-09-13T14:06:32-04:00 Request accepts json 
DEBUG: 2019-09-13T14:06:32-04:00 Valid authorization token sent 
TRACE: 2019-09-13T14:06:32-04:00 API information added to response body 
TRACE: 2019-09-13T14:06:32-04:00 API information added to response body 
INFO : 2019-09-13T14:06:32-04:00 Updating user's last online time 
TRACE: 2019-09-13T14:06:33-04:00 API information added to response body 
DEBUG: 2019-09-13T14:06:33-04:00 Ensuring that password is removed from response body 
TRACE: 2019-09-13T14:06:33-04:00 API information added to response body 
TRACE: 2019-09-13T14:06:33-04:00 Request accepts json 
TRACE: 2019-09-13T14:06:33-04:00 Request sent valid CSRF token 
TRACE: 2019-09-13T14:06:33-04:00 API information added to response body 
DEBUG: 2019-09-13T14:06:33-04:00 Ensuring that password is removed from response body 
TRACE: 2019-09-13T14:06:33-04:00 API information added to response body 
TRACE: 2019-09-13T14:06:33-04:00 Request accepts json 
TRACE: 2019-09-13T14:06:33-04:00 Request accepts json 
DEBUG: 2019-09-13T14:06:33-04:00 Valid authorization token sent 
TRACE: 2019-09-13T14:06:33-04:00 API information added to response body 
TRACE: 2019-09-13T14:06:33-04:00 API information added to response body 
INFO : 2019-09-13T14:06:33-04:00 Updating user's last online time 
TRACE: 2019-09-13T14:06:34-04:00 Data retrieved from cache 
DEBUG: 2019-09-13T14:06:34-04:00 caching /api/armory?page=1&count=10&sortColumn=_id&sortOrder=1 for 3600 seconds 
INIT : 2019-09-13T14:07:57-04:00 Handler registered 
INFO : 2019-09-13T14:07:57-04:00 Server listening on port 3001 
INFO : 2019-09-13T14:07:57-04:00 Successfully connected to Redis server 
INFO : 2019-09-13T14:07:58-04:00 Connected to database 
TRACE: 2019-09-13T14:08:03-04:00 Request accepts json 
TRACE: 2019-09-13T14:08:03-04:00 Request accepts json 
TRACE: 2019-09-13T14:08:03-04:00 Request accepts json 
TRACE: 2019-09-13T14:08:03-04:00 Request accepts json 
TRACE: 2019-09-13T14:08:03-04:00 Request accepts json 
TRACE: 2019-09-13T14:08:03-04:00 Request accepts json 
TRACE: 2019-09-13T14:08:03-04:00 Request accepts json 
TRACE: 2019-09-13T14:08:03-04:00 Request accepts json 
TRACE: 2019-09-13T14:08:03-04:00 Request accepts json 
TRACE: 2019-09-13T14:08:03-04:00 Request accepts json 
TRACE: 2019-09-13T14:08:03-04:00 Request accepts json 
TRACE: 2019-09-13T14:08:04-04:00 API information added to response body 
TRACE: 2019-09-13T14:08:04-04:00 API information added to response body 
DEBUG: 2019-09-13T14:08:04-04:00 Valid authorization token sent 
INFO : 2019-09-13T14:08:04-04:00 Updating user's last online time 
TRACE: 2019-09-13T14:08:04-04:00 API information added to response body 
DEBUG: 2019-09-13T14:08:04-04:00 Ensuring that password is removed from response body 
TRACE: 2019-09-13T14:08:04-04:00 API information added to response body 
TRACE: 2019-09-13T14:08:05-04:00 Request accepts json 
TRACE: 2019-09-13T14:08:05-04:00 Request sent valid CSRF token 
TRACE: 2019-09-13T14:08:05-04:00 API information added to response body 
DEBUG: 2019-09-13T14:08:05-04:00 Ensuring that password is removed from response body 
TRACE: 2019-09-13T14:08:05-04:00 API information added to response body 
TRACE: 2019-09-13T14:08:05-04:00 Request accepts json 
TRACE: 2019-09-13T14:08:05-04:00 Request accepts json 
DEBUG: 2019-09-13T14:08:05-04:00 Valid authorization token sent 
TRACE: 2019-09-13T14:08:05-04:00 API information added to response body 
TRACE: 2019-09-13T14:08:05-04:00 API information added to response body 
INFO : 2019-09-13T14:08:05-04:00 Updating user's last online time 
TRACE: 2019-09-13T14:08:05-04:00 Data retrieved from cache 
DEBUG: 2019-09-13T14:08:05-04:00 caching /api/armory?page=1&count=10&sortColumn=_id&sortOrder=1 for 3600 seconds 
INIT : 2019-09-13T14:10:18-04:00 Handler registered 
INFO : 2019-09-13T14:10:18-04:00 Server listening on port 3001 
INFO : 2019-09-13T14:10:18-04:00 Successfully connected to Redis server 
INFO : 2019-09-13T14:10:19-04:00 Connected to database 
TRACE: 2019-09-13T14:10:24-04:00 Request accepts json 
TRACE: 2019-09-13T14:10:24-04:00 Request accepts json 
TRACE: 2019-09-13T14:10:24-04:00 Request accepts json 
TRACE: 2019-09-13T14:10:24-04:00 Request accepts json 
TRACE: 2019-09-13T14:10:24-04:00 Request accepts json 
TRACE: 2019-09-13T14:10:24-04:00 Request accepts json 
TRACE: 2019-09-13T14:10:24-04:00 Request accepts json 
TRACE: 2019-09-13T14:10:25-04:00 Request accepts json 
TRACE: 2019-09-13T14:10:25-04:00 Request accepts json 
TRACE: 2019-09-13T14:10:25-04:00 Request accepts json 
TRACE: 2019-09-13T14:10:25-04:00 Request accepts json 
DEBUG: 2019-09-13T14:10:25-04:00 Valid authorization token sent 
TRACE: 2019-09-13T14:10:25-04:00 API information added to response body 
TRACE: 2019-09-13T14:10:25-04:00 API information added to response body 
INFO : 2019-09-13T14:10:25-04:00 Updating user's last online time 
TRACE: 2019-09-13T14:10:25-04:00 API information added to response body 
DEBUG: 2019-09-13T14:10:25-04:00 Ensuring that password is removed from response body 
TRACE: 2019-09-13T14:10:25-04:00 API information added to response body 
TRACE: 2019-09-13T14:10:30-04:00 Request accepts json 
TRACE: 2019-09-13T14:10:30-04:00 Request sent valid CSRF token 
TRACE: 2019-09-13T14:10:31-04:00 API information added to response body 
DEBUG: 2019-09-13T14:10:31-04:00 Ensuring that password is removed from response body 
TRACE: 2019-09-13T14:10:31-04:00 API information added to response body 
TRACE: 2019-09-13T14:10:31-04:00 Request accepts json 
TRACE: 2019-09-13T14:10:31-04:00 Request accepts json 
TRACE: 2019-09-13T14:10:31-04:00 API information added to response body 
TRACE: 2019-09-13T14:10:31-04:00 API information added to response body 
DEBUG: 2019-09-13T14:10:31-04:00 Valid authorization token sent 
INFO : 2019-09-13T14:10:31-04:00 Updating user's last online time 
TRACE: 2019-09-13T14:10:31-04:00 Data retrieved from cache 
DEBUG: 2019-09-13T14:10:31-04:00 caching /api/armory?page=1&count=10&sortColumn=_id&sortOrder=1 for 3600 seconds 
INIT : 2019-09-13T14:10:50-04:00 Handler registered 
INFO : 2019-09-13T14:10:50-04:00 Server listening on port 3001 
INFO : 2019-09-13T14:10:50-04:00 Successfully connected to Redis server 
INFO : 2019-09-13T14:10:51-04:00 Connected to database 
TRACE: 2019-09-13T14:10:56-04:00 Request accepts json 
TRACE: 2019-09-13T14:10:56-04:00 Request accepts json 
TRACE: 2019-09-13T14:10:56-04:00 Request accepts json 
TRACE: 2019-09-13T14:10:56-04:00 Request accepts json 
TRACE: 2019-09-13T14:10:56-04:00 Request accepts json 
TRACE: 2019-09-13T14:10:56-04:00 Request accepts json 
TRACE: 2019-09-13T14:10:56-04:00 Request accepts json 
TRACE: 2019-09-13T14:10:56-04:00 Request accepts json 
TRACE: 2019-09-13T14:10:56-04:00 Request accepts json 
TRACE: 2019-09-13T14:10:56-04:00 Request accepts json 
TRACE: 2019-09-13T14:10:56-04:00 Request accepts json 
DEBUG: 2019-09-13T14:10:56-04:00 Valid authorization token sent 
TRACE: 2019-09-13T14:10:56-04:00 API information added to response body 
TRACE: 2019-09-13T14:10:56-04:00 API information added to response body 
INFO : 2019-09-13T14:10:57-04:00 Updating user's last online time 
TRACE: 2019-09-13T14:10:57-04:00 API information added to response body 
DEBUG: 2019-09-13T14:10:57-04:00 Ensuring that password is removed from response body 
TRACE: 2019-09-13T14:10:57-04:00 API information added to response body 
TRACE: 2019-09-13T14:10:57-04:00 Request accepts json 
TRACE: 2019-09-13T14:10:57-04:00 Request sent valid CSRF token 
TRACE: 2019-09-13T14:10:57-04:00 API information added to response body 
DEBUG: 2019-09-13T14:10:57-04:00 Ensuring that password is removed from response body 
TRACE: 2019-09-13T14:10:57-04:00 API information added to response body 
TRACE: 2019-09-13T14:10:57-04:00 Request accepts json 
TRACE: 2019-09-13T14:10:57-04:00 Request accepts json 
TRACE: 2019-09-13T14:10:57-04:00 API information added to response body 
TRACE: 2019-09-13T14:10:57-04:00 API information added to response body 
DEBUG: 2019-09-13T14:10:57-04:00 Valid authorization token sent 
INFO : 2019-09-13T14:10:58-04:00 Updating user's last online time 
TRACE: 2019-09-13T14:10:58-04:00 Data retrieved from cache 
DEBUG: 2019-09-13T14:10:58-04:00 caching /api/armory?page=1&count=10&sortColumn=_id&sortOrder=1 for 3600 seconds 
INIT : 2019-09-13T14:11:39-04:00 Handler registered 
INFO : 2019-09-13T14:11:39-04:00 Server listening on port 3001 
INFO : 2019-09-13T14:11:39-04:00 Successfully connected to Redis server 
INFO : 2019-09-13T14:11:40-04:00 Connected to database 
INIT : 2019-09-13T14:12:35-04:00 Handler registered 
INFO : 2019-09-13T14:12:35-04:00 Server listening on port 3001 
INFO : 2019-09-13T14:12:35-04:00 Successfully connected to Redis server 
INFO : 2019-09-13T14:12:36-04:00 Connected to database 
TRACE: 2019-09-13T14:12:49-04:00 Request accepts json 
TRACE: 2019-09-13T14:12:49-04:00 Request accepts json 
TRACE: 2019-09-13T14:12:49-04:00 Request accepts json 
TRACE: 2019-09-13T14:12:49-04:00 Request accepts json 
TRACE: 2019-09-13T14:12:49-04:00 Request accepts json 
TRACE: 2019-09-13T14:12:49-04:00 Request accepts json 
TRACE: 2019-09-13T14:12:49-04:00 Request accepts json 
TRACE: 2019-09-13T14:12:49-04:00 Request accepts json 
TRACE: 2019-09-13T14:12:49-04:00 Request accepts json 
TRACE: 2019-09-13T14:12:49-04:00 Request accepts json 
TRACE: 2019-09-13T14:12:49-04:00 Request accepts json 
DEBUG: 2019-09-13T14:12:49-04:00 Valid authorization token sent 
TRACE: 2019-09-13T14:12:49-04:00 API information added to response body 
TRACE: 2019-09-13T14:12:49-04:00 API information added to response body 
INFO : 2019-09-13T14:12:50-04:00 Updating user's last online time 
TRACE: 2019-09-13T14:12:50-04:00 API information added to response body 
DEBUG: 2019-09-13T14:12:50-04:00 Ensuring that password is removed from response body 
TRACE: 2019-09-13T14:12:50-04:00 API information added to response body 
TRACE: 2019-09-13T14:12:50-04:00 Request accepts json 
TRACE: 2019-09-13T14:12:50-04:00 Request sent valid CSRF token 
TRACE: 2019-09-13T14:12:50-04:00 API information added to response body 
DEBUG: 2019-09-13T14:12:50-04:00 Ensuring that password is removed from response body 
TRACE: 2019-09-13T14:12:50-04:00 API information added to response body 
TRACE: 2019-09-13T14:12:50-04:00 Request accepts json 
TRACE: 2019-09-13T14:12:50-04:00 Request accepts json 
DEBUG: 2019-09-13T14:12:51-04:00 Valid authorization token sent 
TRACE: 2019-09-13T14:12:51-04:00 API information added to response body 
TRACE: 2019-09-13T14:12:51-04:00 API information added to response body 
INFO : 2019-09-13T14:12:51-04:00 Updating user's last online time 
TRACE: 2019-09-13T14:12:51-04:00 Data retrieved from cache 
DEBUG: 2019-09-13T14:12:51-04:00 caching /api/armory?page=1&count=10&sortColumn=_id&sortOrder=1 for 3600 seconds 
INIT : 2019-09-13T14:13:14-04:00 Handler registered 
INFO : 2019-09-13T14:13:14-04:00 Server listening on port 3001 
INFO : 2019-09-13T14:13:14-04:00 Successfully connected to Redis server 
INFO : 2019-09-13T14:13:15-04:00 Connected to database 
TRACE: 2019-09-13T14:13:48-04:00 Request accepts json 
TRACE: 2019-09-13T14:13:48-04:00 Request accepts json 
TRACE: 2019-09-13T14:13:48-04:00 Request accepts json 
TRACE: 2019-09-13T14:13:48-04:00 Request accepts json 
TRACE: 2019-09-13T14:13:48-04:00 Request accepts json 
TRACE: 2019-09-13T14:13:48-04:00 Request accepts json 
TRACE: 2019-09-13T14:13:48-04:00 Request accepts json 
TRACE: 2019-09-13T14:13:48-04:00 Request accepts json 
TRACE: 2019-09-13T14:13:48-04:00 Request accepts json 
TRACE: 2019-09-13T14:13:48-04:00 Request accepts json 
TRACE: 2019-09-13T14:13:48-04:00 Request accepts json 
TRACE: 2019-09-13T14:13:48-04:00 API information added to response body 
TRACE: 2019-09-13T14:13:48-04:00 API information added to response body 
DEBUG: 2019-09-13T14:13:48-04:00 Valid authorization token sent 
INFO : 2019-09-13T14:13:48-04:00 Updating user's last online time 
TRACE: 2019-09-13T14:13:49-04:00 API information added to response body 
DEBUG: 2019-09-13T14:13:49-04:00 Ensuring that password is removed from response body 
TRACE: 2019-09-13T14:13:49-04:00 API information added to response body 
TRACE: 2019-09-13T14:13:49-04:00 Request accepts json 
TRACE: 2019-09-13T14:13:49-04:00 Request sent valid CSRF token 
TRACE: 2019-09-13T14:13:49-04:00 API information added to response body 
DEBUG: 2019-09-13T14:13:49-04:00 Ensuring that password is removed from response body 
TRACE: 2019-09-13T14:13:49-04:00 API information added to response body 
TRACE: 2019-09-13T14:13:49-04:00 Request accepts json 
TRACE: 2019-09-13T14:13:49-04:00 Request accepts json 
DEBUG: 2019-09-13T14:13:49-04:00 Valid authorization token sent 
TRACE: 2019-09-13T14:13:49-04:00 API information added to response body 
TRACE: 2019-09-13T14:13:49-04:00 API information added to response body 
INFO : 2019-09-13T14:13:49-04:00 Updating user's last online time 
TRACE: 2019-09-13T14:13:50-04:00 Data retrieved from cache 
DEBUG: 2019-09-13T14:13:50-04:00 caching /api/armory?page=1&count=10&sortColumn=_id&sortOrder=1 for 3600 seconds 
INIT : 2019-09-13T14:14:17-04:00 Handler registered 
INFO : 2019-09-13T14:14:17-04:00 Server listening on port 3001 
INFO : 2019-09-13T14:14:17-04:00 Successfully connected to Redis server 
INFO : 2019-09-13T14:14:17-04:00 Connected to database 
TRACE: 2019-09-13T14:14:23-04:00 Request accepts json 
TRACE: 2019-09-13T14:14:23-04:00 Request accepts json 
TRACE: 2019-09-13T14:14:23-04:00 Request accepts json 
TRACE: 2019-09-13T14:14:23-04:00 Request accepts json 
TRACE: 2019-09-13T14:14:24-04:00 Request accepts json 
TRACE: 2019-09-13T14:14:24-04:00 Request accepts json 
TRACE: 2019-09-13T14:14:24-04:00 Request accepts json 
TRACE: 2019-09-13T14:14:24-04:00 Request accepts json 
TRACE: 2019-09-13T14:14:24-04:00 Request accepts json 
TRACE: 2019-09-13T14:14:24-04:00 Request accepts json 
TRACE: 2019-09-13T14:14:24-04:00 Request accepts json 
TRACE: 2019-09-13T14:14:24-04:00 API information added to response body 
TRACE: 2019-09-13T14:14:24-04:00 API information added to response body 
DEBUG: 2019-09-13T14:14:24-04:00 Valid authorization token sent 
INFO : 2019-09-13T14:14:24-04:00 Updating user's last online time 
TRACE: 2019-09-13T14:14:25-04:00 API information added to response body 
DEBUG: 2019-09-13T14:14:25-04:00 Ensuring that password is removed from response body 
TRACE: 2019-09-13T14:14:25-04:00 API information added to response body 
TRACE: 2019-09-13T14:14:25-04:00 Request accepts json 
TRACE: 2019-09-13T14:14:25-04:00 Request sent valid CSRF token 
TRACE: 2019-09-13T14:14:25-04:00 API information added to response body 
DEBUG: 2019-09-13T14:14:25-04:00 Ensuring that password is removed from response body 
TRACE: 2019-09-13T14:14:25-04:00 API information added to response body 
TRACE: 2019-09-13T14:14:25-04:00 Request accepts json 
TRACE: 2019-09-13T14:14:25-04:00 Request accepts json 
TRACE: 2019-09-13T14:14:25-04:00 API information added to response body 
TRACE: 2019-09-13T14:14:25-04:00 API information added to response body 
DEBUG: 2019-09-13T14:14:25-04:00 Valid authorization token sent 
INFO : 2019-09-13T14:14:26-04:00 Updating user's last online time 
TRACE: 2019-09-13T14:14:26-04:00 Data retrieved from cache 
DEBUG: 2019-09-13T14:14:26-04:00 caching /api/armory?page=1&count=10&sortColumn=_id&sortOrder=1 for 3600 seconds 
INIT : 2019-09-13T14:15:48-04:00 Handler registered 
INFO : 2019-09-13T14:15:48-04:00 Server listening on port 3001 
INFO : 2019-09-13T14:15:48-04:00 Successfully connected to Redis server 
INFO : 2019-09-13T14:15:48-04:00 Connected to database 
TRACE: 2019-09-13T14:16:00-04:00 Request accepts json 
TRACE: 2019-09-13T14:16:00-04:00 Request accepts json 
TRACE: 2019-09-13T14:16:00-04:00 Request accepts json 
TRACE: 2019-09-13T14:16:00-04:00 Request accepts json 
TRACE: 2019-09-13T14:16:00-04:00 Request accepts json 
TRACE: 2019-09-13T14:16:00-04:00 Request accepts json 
TRACE: 2019-09-13T14:16:00-04:00 Request accepts json 
TRACE: 2019-09-13T14:16:00-04:00 Request accepts json 
TRACE: 2019-09-13T14:16:00-04:00 Request accepts json 
TRACE: 2019-09-13T14:16:00-04:00 Request accepts json 
TRACE: 2019-09-13T14:16:00-04:00 Request accepts json 
DEBUG: 2019-09-13T14:16:00-04:00 Valid authorization token sent 
TRACE: 2019-09-13T14:16:00-04:00 API information added to response body 
TRACE: 2019-09-13T14:16:00-04:00 API information added to response body 
INFO : 2019-09-13T14:16:00-04:00 Updating user's last online time 
TRACE: 2019-09-13T14:16:01-04:00 API information added to response body 
DEBUG: 2019-09-13T14:16:01-04:00 Ensuring that password is removed from response body 
TRACE: 2019-09-13T14:16:01-04:00 API information added to response body 
TRACE: 2019-09-13T14:16:05-04:00 Request accepts json 
TRACE: 2019-09-13T14:16:05-04:00 Request sent valid CSRF token 
TRACE: 2019-09-13T14:16:05-04:00 API information added to response body 
DEBUG: 2019-09-13T14:16:05-04:00 Ensuring that password is removed from response body 
TRACE: 2019-09-13T14:16:05-04:00 API information added to response body 
TRACE: 2019-09-13T14:16:05-04:00 Request accepts json 
TRACE: 2019-09-13T14:16:05-04:00 Request accepts json 
TRACE: 2019-09-13T14:16:05-04:00 API information added to response body 
TRACE: 2019-09-13T14:16:05-04:00 API information added to response body 
DEBUG: 2019-09-13T14:16:05-04:00 Valid authorization token sent 
INFO : 2019-09-13T14:16:05-04:00 Updating user's last online time 
TRACE: 2019-09-13T14:16:05-04:00 Data retrieved from cache 
DEBUG: 2019-09-13T14:16:05-04:00 caching /api/armory?page=1&count=10&sortColumn=_id&sortOrder=1 for 3600 seconds 
INIT : 2019-09-13T14:20:10-04:00 Handler registered 
INFO : 2019-09-13T14:20:10-04:00 Server listening on port 3001 
INFO : 2019-09-13T14:20:10-04:00 Successfully connected to Redis server 
INFO : 2019-09-13T14:20:10-04:00 Connected to database 
TRACE: 2019-09-13T14:20:11-04:00 Request accepts json 
TRACE: 2019-09-13T14:20:11-04:00 Request accepts json 
TRACE: 2019-09-13T14:20:11-04:00 Request accepts json 
TRACE: 2019-09-13T14:20:11-04:00 Request accepts json 
TRACE: 2019-09-13T14:20:11-04:00 Request accepts json 
TRACE: 2019-09-13T14:20:12-04:00 Request accepts json 
TRACE: 2019-09-13T14:20:12-04:00 Request accepts json 
TRACE: 2019-09-13T14:20:12-04:00 Request accepts json 
TRACE: 2019-09-13T14:20:12-04:00 Request accepts json 
TRACE: 2019-09-13T14:20:12-04:00 Request accepts json 
TRACE: 2019-09-13T14:20:12-04:00 Request accepts json 
DEBUG: 2019-09-13T14:20:12-04:00 Valid authorization token sent 
TRACE: 2019-09-13T14:20:12-04:00 API information added to response body 
TRACE: 2019-09-13T14:20:12-04:00 API information added to response body 
INFO : 2019-09-13T14:20:12-04:00 Updating user's last online time 
TRACE: 2019-09-13T14:20:12-04:00 API information added to response body 
DEBUG: 2019-09-13T14:20:12-04:00 Ensuring that password is removed from response body 
TRACE: 2019-09-13T14:20:12-04:00 API information added to response body 
TRACE: 2019-09-13T14:20:15-04:00 Request accepts json 
TRACE: 2019-09-13T14:20:15-04:00 Request sent valid CSRF token 
TRACE: 2019-09-13T14:20:15-04:00 API information added to response body 
DEBUG: 2019-09-13T14:20:15-04:00 Ensuring that password is removed from response body 
TRACE: 2019-09-13T14:20:15-04:00 API information added to response body 
TRACE: 2019-09-13T14:20:15-04:00 Request accepts json 
TRACE: 2019-09-13T14:20:15-04:00 Request accepts json 
TRACE: 2019-09-13T14:20:15-04:00 API information added to response body 
TRACE: 2019-09-13T14:20:15-04:00 API information added to response body 
DEBUG: 2019-09-13T14:20:15-04:00 Valid authorization token sent 
INFO : 2019-09-13T14:20:16-04:00 Updating user's last online time 
TRACE: 2019-09-13T14:20:16-04:00 Data retrieved from cache 
DEBUG: 2019-09-13T14:20:16-04:00 caching /api/armory?page=1&count=10&sortColumn=_id&sortOrder=1 for 3600 seconds 
INIT : 2019-09-13T14:21:00-04:00 Handler registered 
INFO : 2019-09-13T14:21:00-04:00 Server listening on port 3001 
INFO : 2019-09-13T14:21:00-04:00 Successfully connected to Redis server 
INFO : 2019-09-13T14:21:00-04:00 Connected to database 
TRACE: 2019-09-13T14:21:03-04:00 Request accepts json 
TRACE: 2019-09-13T14:21:03-04:00 Request accepts json 
TRACE: 2019-09-13T14:21:03-04:00 Request accepts json 
TRACE: 2019-09-13T14:21:03-04:00 Request accepts json 
TRACE: 2019-09-13T14:21:03-04:00 Request accepts json 
TRACE: 2019-09-13T14:21:03-04:00 Request accepts json 
TRACE: 2019-09-13T14:21:03-04:00 Request accepts json 
TRACE: 2019-09-13T14:21:04-04:00 Request accepts json 
TRACE: 2019-09-13T14:21:04-04:00 Request accepts json 
TRACE: 2019-09-13T14:21:04-04:00 Request accepts json 
TRACE: 2019-09-13T14:21:04-04:00 Request accepts json 
DEBUG: 2019-09-13T14:21:04-04:00 Valid authorization token sent 
TRACE: 2019-09-13T14:21:04-04:00 API information added to response body 
TRACE: 2019-09-13T14:21:04-04:00 API information added to response body 
INFO : 2019-09-13T14:21:04-04:00 Updating user's last online time 
TRACE: 2019-09-13T14:21:04-04:00 API information added to response body 
DEBUG: 2019-09-13T14:21:04-04:00 Ensuring that password is removed from response body 
TRACE: 2019-09-13T14:21:04-04:00 API information added to response body 
TRACE: 2019-09-13T14:21:08-04:00 Request accepts json 
TRACE: 2019-09-13T14:21:08-04:00 Request sent valid CSRF token 
TRACE: 2019-09-13T14:21:08-04:00 API information added to response body 
DEBUG: 2019-09-13T14:21:08-04:00 Ensuring that password is removed from response body 
TRACE: 2019-09-13T14:21:08-04:00 API information added to response body 
TRACE: 2019-09-13T14:21:08-04:00 Request accepts json 
TRACE: 2019-09-13T14:21:08-04:00 Request accepts json 
TRACE: 2019-09-13T14:21:08-04:00 API information added to response body 
TRACE: 2019-09-13T14:21:08-04:00 API information added to response body 
DEBUG: 2019-09-13T14:21:08-04:00 Valid authorization token sent 
INFO : 2019-09-13T14:21:08-04:00 Updating user's last online time 
TRACE: 2019-09-13T14:21:08-04:00 Data retrieved from cache 
DEBUG: 2019-09-13T14:21:08-04:00 caching /api/armory?page=1&count=10&sortColumn=_id&sortOrder=1 for 3600 seconds 
INIT : 2019-09-13T14:21:34-04:00 Handler registered 
INFO : 2019-09-13T14:21:34-04:00 Server listening on port 3001 
INFO : 2019-09-13T14:21:34-04:00 Successfully connected to Redis server 
INFO : 2019-09-13T14:21:35-04:00 Connected to database 
TRACE: 2019-09-13T14:21:53-04:00 Request accepts json 
TRACE: 2019-09-13T14:21:53-04:00 Request accepts json 
TRACE: 2019-09-13T14:21:53-04:00 Request accepts json 
TRACE: 2019-09-13T14:21:53-04:00 Request accepts json 
TRACE: 2019-09-13T14:21:54-04:00 Request accepts json 
TRACE: 2019-09-13T14:21:54-04:00 Request accepts json 
TRACE: 2019-09-13T14:21:54-04:00 Request accepts json 
TRACE: 2019-09-13T14:21:54-04:00 Request accepts json 
TRACE: 2019-09-13T14:21:54-04:00 Request accepts json 
TRACE: 2019-09-13T14:21:54-04:00 Request accepts json 
TRACE: 2019-09-13T14:21:54-04:00 Request accepts json 
TRACE: 2019-09-13T14:21:54-04:00 API information added to response body 
TRACE: 2019-09-13T14:21:54-04:00 API information added to response body 
DEBUG: 2019-09-13T14:21:54-04:00 Valid authorization token sent 
INFO : 2019-09-13T14:21:54-04:00 Updating user's last online time 
TRACE: 2019-09-13T14:21:55-04:00 API information added to response body 
DEBUG: 2019-09-13T14:21:55-04:00 Ensuring that password is removed from response body 
TRACE: 2019-09-13T14:21:55-04:00 API information added to response body 
TRACE: 2019-09-13T14:21:55-04:00 Request accepts json 
TRACE: 2019-09-13T14:21:55-04:00 Request sent valid CSRF token 
TRACE: 2019-09-13T14:21:55-04:00 API information added to response body 
DEBUG: 2019-09-13T14:21:55-04:00 Ensuring that password is removed from response body 
TRACE: 2019-09-13T14:21:55-04:00 API information added to response body 
TRACE: 2019-09-13T14:21:55-04:00 Request accepts json 
TRACE: 2019-09-13T14:21:55-04:00 Request accepts json 
DEBUG: 2019-09-13T14:21:55-04:00 Valid authorization token sent 
TRACE: 2019-09-13T14:21:55-04:00 API information added to response body 
TRACE: 2019-09-13T14:21:55-04:00 API information added to response body 
INFO : 2019-09-13T14:21:55-04:00 Updating user's last online time 
TRACE: 2019-09-13T14:21:55-04:00 Data retrieved from cache 
DEBUG: 2019-09-13T14:21:56-04:00 caching /api/armory?page=1&count=10&sortColumn=_id&sortOrder=1 for 3600 seconds 
INIT : 2019-09-13T14:22:30-04:00 Handler registered 
INFO : 2019-09-13T14:22:30-04:00 Server listening on port 3001 
INFO : 2019-09-13T14:22:30-04:00 Successfully connected to Redis server 
INFO : 2019-09-13T14:22:30-04:00 Connected to database 
TRACE: 2019-09-13T14:22:43-04:00 Request accepts json 
TRACE: 2019-09-13T14:22:43-04:00 Request accepts json 
TRACE: 2019-09-13T14:22:43-04:00 Request accepts json 
TRACE: 2019-09-13T14:22:43-04:00 Request accepts json 
TRACE: 2019-09-13T14:22:43-04:00 Request accepts json 
TRACE: 2019-09-13T14:22:43-04:00 Request accepts json 
TRACE: 2019-09-13T14:22:43-04:00 Request accepts json 
TRACE: 2019-09-13T14:22:43-04:00 Request accepts json 
DEBUG: 2019-09-13T14:22:43-04:00 Valid authorization token sent 
TRACE: 2019-09-13T14:22:43-04:00 API information added to response body 
TRACE: 2019-09-13T14:22:43-04:00 API information added to response body 
INFO : 2019-09-13T14:22:44-04:00 Updating user's last online time 
TRACE: 2019-09-13T14:22:44-04:00 API information added to response body 
DEBUG: 2019-09-13T14:22:44-04:00 Ensuring that password is removed from response body 
TRACE: 2019-09-13T14:22:44-04:00 API information added to response body 
TRACE: 2019-09-13T14:22:45-04:00 Request accepts json 
TRACE: 2019-09-13T14:22:45-04:00 Request sent valid CSRF token 
TRACE: 2019-09-13T14:22:46-04:00 API information added to response body 
DEBUG: 2019-09-13T14:22:46-04:00 Ensuring that password is removed from response body 
TRACE: 2019-09-13T14:22:46-04:00 API information added to response body 
TRACE: 2019-09-13T14:22:46-04:00 Request accepts json 
TRACE: 2019-09-13T14:22:46-04:00 Request accepts json 
DEBUG: 2019-09-13T14:22:46-04:00 Valid authorization token sent 
TRACE: 2019-09-13T14:22:46-04:00 API information added to response body 
TRACE: 2019-09-13T14:22:46-04:00 API information added to response body 
INFO : 2019-09-13T14:22:46-04:00 Updating user's last online time 
TRACE: 2019-09-13T14:22:46-04:00 Data retrieved from cache 
DEBUG: 2019-09-13T14:22:46-04:00 caching /api/armory?page=1&count=10&sortColumn=_id&sortOrder=1 for 3600 seconds 
INIT : 2019-09-13T14:23:48-04:00 Handler registered 
INFO : 2019-09-13T14:23:48-04:00 Server listening on port 3001 
INFO : 2019-09-13T14:23:48-04:00 Successfully connected to Redis server 
INFO : 2019-09-13T14:23:48-04:00 Connected to database 
TRACE: 2019-09-13T14:24:16-04:00 Request accepts json 
TRACE: 2019-09-13T14:24:16-04:00 Request accepts json 
TRACE: 2019-09-13T14:24:16-04:00 Request accepts json 
TRACE: 2019-09-13T14:24:16-04:00 Request accepts json 
TRACE: 2019-09-13T14:24:16-04:00 Request accepts json 
TRACE: 2019-09-13T14:24:16-04:00 Request accepts json 
TRACE: 2019-09-13T14:24:17-04:00 Request accepts json 
TRACE: 2019-09-13T14:24:17-04:00 Request accepts json 
TRACE: 2019-09-13T14:24:17-04:00 API information added to response body 
TRACE: 2019-09-13T14:24:17-04:00 API information added to response body 
DEBUG: 2019-09-13T14:24:17-04:00 Valid authorization token sent 
INFO : 2019-09-13T14:24:17-04:00 Updating user's last online time 
TRACE: 2019-09-13T14:24:17-04:00 API information added to response body 
DEBUG: 2019-09-13T14:24:17-04:00 Ensuring that password is removed from response body 
TRACE: 2019-09-13T14:24:17-04:00 API information added to response body 
TRACE: 2019-09-13T14:24:18-04:00 Request accepts json 
TRACE: 2019-09-13T14:24:18-04:00 Request sent valid CSRF token 
TRACE: 2019-09-13T14:24:18-04:00 API information added to response body 
DEBUG: 2019-09-13T14:24:18-04:00 Ensuring that password is removed from response body 
TRACE: 2019-09-13T14:24:18-04:00 API information added to response body 
INIT : 2019-09-13T14:30:48-04:00 Handler registered 
INFO : 2019-09-13T14:30:48-04:00 Server listening on port 3001 
INFO : 2019-09-13T14:30:48-04:00 Successfully connected to Redis server 
INFO : 2019-09-13T14:30:49-04:00 Connected to database 
TRACE: 2019-09-13T14:30:53-04:00 Request accepts json 
TRACE: 2019-09-13T14:30:53-04:00 Request accepts json 
TRACE: 2019-09-13T14:30:53-04:00 Request accepts json 
TRACE: 2019-09-13T14:30:53-04:00 Request accepts json 
TRACE: 2019-09-13T14:30:53-04:00 Request accepts json 
TRACE: 2019-09-13T14:30:53-04:00 Request accepts json 
TRACE: 2019-09-13T14:30:53-04:00 Request accepts json 
TRACE: 2019-09-13T14:30:53-04:00 Request accepts json 
DEBUG: 2019-09-13T14:30:53-04:00 Valid authorization token sent 
TRACE: 2019-09-13T14:30:53-04:00 API information added to response body 
TRACE: 2019-09-13T14:30:53-04:00 API information added to response body 
INFO : 2019-09-13T14:30:54-04:00 Updating user's last online time 
TRACE: 2019-09-13T14:30:54-04:00 API information added to response body 
DEBUG: 2019-09-13T14:30:54-04:00 Ensuring that password is removed from response body 
TRACE: 2019-09-13T14:30:54-04:00 API information added to response body 
TRACE: 2019-09-13T14:30:54-04:00 Request accepts json 
TRACE: 2019-09-13T14:30:54-04:00 Request sent valid CSRF token 
TRACE: 2019-09-13T14:30:55-04:00 API information added to response body 
DEBUG: 2019-09-13T14:30:55-04:00 Ensuring that password is removed from response body 
TRACE: 2019-09-13T14:30:55-04:00 API information added to response body 
INIT : 2019-09-13T14:31:55-04:00 Handler registered 
INFO : 2019-09-13T14:31:55-04:00 Server listening on port 3001 
INFO : 2019-09-13T14:31:55-04:00 Successfully connected to Redis server 
INFO : 2019-09-13T14:31:56-04:00 Connected to database 
TRACE: 2019-09-13T14:32:01-04:00 Request accepts json 
TRACE: 2019-09-13T14:32:01-04:00 Request accepts json 
TRACE: 2019-09-13T14:32:01-04:00 Request accepts json 
TRACE: 2019-09-13T14:32:01-04:00 Request accepts json 
TRACE: 2019-09-13T14:32:01-04:00 Request accepts json 
TRACE: 2019-09-13T14:32:01-04:00 Request accepts json 
TRACE: 2019-09-13T14:32:01-04:00 Request accepts json 
TRACE: 2019-09-13T14:32:02-04:00 Request accepts json 
DEBUG: 2019-09-13T14:32:02-04:00 Valid authorization token sent 
TRACE: 2019-09-13T14:32:02-04:00 API information added to response body 
TRACE: 2019-09-13T14:32:02-04:00 API information added to response body 
INFO : 2019-09-13T14:32:02-04:00 Updating user's last online time 
TRACE: 2019-09-13T14:32:02-04:00 API information added to response body 
DEBUG: 2019-09-13T14:32:02-04:00 Ensuring that password is removed from response body 
TRACE: 2019-09-13T14:32:02-04:00 API information added to response body 
TRACE: 2019-09-13T14:32:03-04:00 Request accepts json 
TRACE: 2019-09-13T14:32:03-04:00 Request sent valid CSRF token 
TRACE: 2019-09-13T14:32:03-04:00 API information added to response body 
DEBUG: 2019-09-13T14:32:03-04:00 Ensuring that password is removed from response body 
TRACE: 2019-09-13T14:32:03-04:00 API information added to response body 
INIT : 2019-09-13T14:33:25-04:00 Handler registered 
INFO : 2019-09-13T14:33:25-04:00 Server listening on port 3001 
INFO : 2019-09-13T14:33:25-04:00 Successfully connected to Redis server 
INFO : 2019-09-13T14:33:26-04:00 Connected to database 
TRACE: 2019-09-13T14:33:33-04:00 Request accepts json 
TRACE: 2019-09-13T14:33:33-04:00 Request accepts json 
TRACE: 2019-09-13T14:33:33-04:00 Request accepts json 
TRACE: 2019-09-13T14:33:33-04:00 Request accepts json 
TRACE: 2019-09-13T14:33:33-04:00 Request accepts json 
TRACE: 2019-09-13T14:33:33-04:00 Request accepts json 
TRACE: 2019-09-13T14:33:33-04:00 Request accepts json 
TRACE: 2019-09-13T14:33:33-04:00 Request accepts json 
DEBUG: 2019-09-13T14:33:34-04:00 Valid authorization token sent 
TRACE: 2019-09-13T14:33:34-04:00 API information added to response body 
TRACE: 2019-09-13T14:33:34-04:00 API information added to response body 
INFO : 2019-09-13T14:33:34-04:00 Updating user's last online time 
TRACE: 2019-09-13T14:33:34-04:00 API information added to response body 
DEBUG: 2019-09-13T14:33:34-04:00 Ensuring that password is removed from response body 
TRACE: 2019-09-13T14:33:34-04:00 API information added to response body 
TRACE: 2019-09-13T14:33:34-04:00 Request accepts json 
TRACE: 2019-09-13T14:33:34-04:00 Request sent valid CSRF token 
TRACE: 2019-09-13T14:33:35-04:00 API information added to response body 
DEBUG: 2019-09-13T14:33:35-04:00 Ensuring that password is removed from response body 
TRACE: 2019-09-13T14:33:35-04:00 API information added to response body 
INIT : 2019-09-13T14:34:11-04:00 Handler registered 
INFO : 2019-09-13T14:34:11-04:00 Server listening on port 3001 
INFO : 2019-09-13T14:34:11-04:00 Successfully connected to Redis server 
INFO : 2019-09-13T14:34:12-04:00 Connected to database 
TRACE: 2019-09-13T14:34:24-04:00 Request accepts json 
TRACE: 2019-09-13T14:34:24-04:00 Request accepts json 
TRACE: 2019-09-13T14:34:24-04:00 Request accepts json 
TRACE: 2019-09-13T14:34:24-04:00 Request accepts json 
TRACE: 2019-09-13T14:34:24-04:00 Request accepts json 
TRACE: 2019-09-13T14:34:24-04:00 Request accepts json 
TRACE: 2019-09-13T14:34:24-04:00 Request accepts json 
TRACE: 2019-09-13T14:34:24-04:00 Request accepts json 
DEBUG: 2019-09-13T14:34:24-04:00 Valid authorization token sent 
TRACE: 2019-09-13T14:34:24-04:00 API information added to response body 
TRACE: 2019-09-13T14:34:24-04:00 API information added to response body 
INFO : 2019-09-13T14:34:25-04:00 Updating user's last online time 
TRACE: 2019-09-13T14:34:25-04:00 API information added to response body 
DEBUG: 2019-09-13T14:34:25-04:00 Ensuring that password is removed from response body 
TRACE: 2019-09-13T14:34:25-04:00 API information added to response body 
TRACE: 2019-09-13T14:34:25-04:00 Request accepts json 
TRACE: 2019-09-13T14:34:25-04:00 Request sent valid CSRF token 
TRACE: 2019-09-13T14:34:26-04:00 API information added to response body 
DEBUG: 2019-09-13T14:34:26-04:00 Ensuring that password is removed from response body 
TRACE: 2019-09-13T14:34:26-04:00 API information added to response body 
INIT : 2019-09-13T14:35:19-04:00 Handler registered 
INFO : 2019-09-13T14:35:19-04:00 Server listening on port 3001 
INFO : 2019-09-13T14:35:19-04:00 Successfully connected to Redis server 
INFO : 2019-09-13T14:35:19-04:00 Connected to database 
TRACE: 2019-09-13T14:35:28-04:00 Request accepts json 
TRACE: 2019-09-13T14:35:28-04:00 Request accepts json 
TRACE: 2019-09-13T14:35:28-04:00 Request accepts json 
TRACE: 2019-09-13T14:35:28-04:00 Request accepts json 
TRACE: 2019-09-13T14:35:28-04:00 Request accepts json 
TRACE: 2019-09-13T14:35:28-04:00 Request accepts json 
TRACE: 2019-09-13T14:35:28-04:00 Request accepts json 
TRACE: 2019-09-13T14:35:28-04:00 Request accepts json 
DEBUG: 2019-09-13T14:35:28-04:00 Valid authorization token sent 
TRACE: 2019-09-13T14:35:28-04:00 API information added to response body 
TRACE: 2019-09-13T14:35:28-04:00 API information added to response body 
INFO : 2019-09-13T14:35:29-04:00 Updating user's last online time 
TRACE: 2019-09-13T14:35:29-04:00 API information added to response body 
DEBUG: 2019-09-13T14:35:29-04:00 Ensuring that password is removed from response body 
TRACE: 2019-09-13T14:35:29-04:00 API information added to response body 
TRACE: 2019-09-13T14:35:29-04:00 Request accepts json 
TRACE: 2019-09-13T14:35:29-04:00 Request sent valid CSRF token 
TRACE: 2019-09-13T14:35:30-04:00 API information added to response body 
DEBUG: 2019-09-13T14:35:30-04:00 Ensuring that password is removed from response body 
TRACE: 2019-09-13T14:35:30-04:00 API information added to response body 
INIT : 2019-09-13T14:36:22-04:00 Handler registered 
INFO : 2019-09-13T14:36:22-04:00 Server listening on port 3001 
INFO : 2019-09-13T14:36:22-04:00 Successfully connected to Redis server 
INFO : 2019-09-13T14:36:23-04:00 Connected to database 
TRACE: 2019-09-13T14:36:27-04:00 Request accepts json 
TRACE: 2019-09-13T14:36:27-04:00 Request accepts json 
TRACE: 2019-09-13T14:36:27-04:00 Request accepts json 
TRACE: 2019-09-13T14:36:27-04:00 Request accepts json 
TRACE: 2019-09-13T14:36:28-04:00 Request accepts json 
TRACE: 2019-09-13T14:36:28-04:00 Request accepts json 
TRACE: 2019-09-13T14:36:28-04:00 Request accepts json 
TRACE: 2019-09-13T14:36:28-04:00 Request accepts json 
TRACE: 2019-09-13T14:36:28-04:00 API information added to response body 
TRACE: 2019-09-13T14:36:28-04:00 API information added to response body 
DEBUG: 2019-09-13T14:36:28-04:00 Valid authorization token sent 
INFO : 2019-09-13T14:36:28-04:00 Updating user's last online time 
TRACE: 2019-09-13T14:36:28-04:00 API information added to response body 
DEBUG: 2019-09-13T14:36:28-04:00 Ensuring that password is removed from response body 
TRACE: 2019-09-13T14:36:28-04:00 API information added to response body 
TRACE: 2019-09-13T14:36:29-04:00 Request accepts json 
TRACE: 2019-09-13T14:36:33-04:00 Request accepts json 
TRACE: 2019-09-13T14:36:35-04:00 Request accepts json 
TRACE: 2019-09-13T14:36:35-04:00 Request sent valid CSRF token 
TRACE: 2019-09-13T14:36:35-04:00 API information added to response body 
DEBUG: 2019-09-13T14:36:35-04:00 Ensuring that password is removed from response body 
TRACE: 2019-09-13T14:36:35-04:00 API information added to response body 
TRACE: 2019-09-13T14:36:36-04:00 Request sent valid CSRF token 
TRACE: 2019-09-13T14:36:36-04:00 Request sent valid CSRF token 
TRACE: 2019-09-13T14:36:36-04:00 API information added to response body 
DEBUG: 2019-09-13T14:36:36-04:00 Ensuring that password is removed from response body 
TRACE: 2019-09-13T14:36:36-04:00 API information added to response body 
TRACE: 2019-09-13T14:36:36-04:00 API information added to response body 
DEBUG: 2019-09-13T14:36:36-04:00 Ensuring that password is removed from response body 
TRACE: 2019-09-13T14:36:36-04:00 API information added to response body 
INIT : 2019-09-13T14:37:43-04:00 Handler registered 
INFO : 2019-09-13T14:37:43-04:00 Server listening on port 3001 
INFO : 2019-09-13T14:37:43-04:00 Successfully connected to Redis server 
INFO : 2019-09-13T14:37:44-04:00 Connected to database 
TRACE: 2019-09-13T14:37:44-04:00 Request accepts json 
TRACE: 2019-09-13T14:37:44-04:00 Request accepts json 
TRACE: 2019-09-13T14:37:44-04:00 Request accepts json 
TRACE: 2019-09-13T14:37:44-04:00 Request accepts json 
TRACE: 2019-09-13T14:37:45-04:00 Request accepts json 
TRACE: 2019-09-13T14:37:45-04:00 Request accepts json 
TRACE: 2019-09-13T14:37:45-04:00 Request accepts json 
TRACE: 2019-09-13T14:37:45-04:00 Request accepts json 
DEBUG: 2019-09-13T14:37:45-04:00 Valid authorization token sent 
TRACE: 2019-09-13T14:37:45-04:00 API information added to response body 
TRACE: 2019-09-13T14:37:45-04:00 API information added to response body 
INFO : 2019-09-13T14:37:45-04:00 Updating user's last online time 
TRACE: 2019-09-13T14:37:45-04:00 API information added to response body 
DEBUG: 2019-09-13T14:37:45-04:00 Ensuring that password is removed from response body 
TRACE: 2019-09-13T14:37:45-04:00 API information added to response body 
TRACE: 2019-09-13T14:37:46-04:00 Request accepts json 
TRACE: 2019-09-13T14:37:46-04:00 Request sent valid CSRF token 
TRACE: 2019-09-13T14:37:47-04:00 API information added to response body 
DEBUG: 2019-09-13T14:37:47-04:00 Ensuring that password is removed from response body 
TRACE: 2019-09-13T14:37:47-04:00 API information added to response body 
TRACE: 2019-09-13T14:46:31-04:00 Request accepts json 
TRACE: 2019-09-13T14:46:31-04:00 Request accepts json 
TRACE: 2019-09-13T14:46:31-04:00 API information added to response body 
TRACE: 2019-09-13T14:46:31-04:00 API information added to response body 
DEBUG: 2019-09-13T14:46:31-04:00 Valid authorization token sent 
INFO : 2019-09-13T14:46:31-04:00 Updating user's last online time 
TRACE: 2019-09-13T14:46:31-04:00 Data retrieved from cache 
DEBUG: 2019-09-13T14:46:31-04:00 caching /api/armory?page=1&count=10&sortColumn=_id&sortOrder=1 for 3600 seconds 
TRACE: 2019-09-13T14:46:32-04:00 Request accepts json 
TRACE: 2019-09-13T14:46:36-04:00 Request accepts json 
TRACE: 2019-09-13T14:46:36-04:00 Request accepts json 
TRACE: 2019-09-13T14:46:36-04:00 Request accepts json 
TRACE: 2019-09-13T14:46:36-04:00 Request accepts json 
TRACE: 2019-09-13T14:55:14-04:00 Request accepts json 
TRACE: 2019-09-13T14:55:14-04:00 Request accepts json 
TRACE: 2019-09-13T14:55:14-04:00 Request accepts json 
INIT : 2019-09-13T15:45:38-04:00 Handler registered 
INFO : 2019-09-13T15:45:38-04:00 Server listening on port 3001 
INFO : 2019-09-13T15:45:38-04:00 Successfully connected to Redis server 
INFO : 2019-09-13T15:45:39-04:00 Connected to database 
TRACE: 2019-09-13T15:45:41-04:00 Request accepts json 
TRACE: 2019-09-13T15:45:41-04:00 Request accepts json 
TRACE: 2019-09-13T15:45:41-04:00 Request accepts json 
TRACE: 2019-09-13T15:45:41-04:00 Request accepts json 
TRACE: 2019-09-13T15:45:42-04:00 Request accepts json 
TRACE: 2019-09-13T15:45:42-04:00 Request accepts json 
TRACE: 2019-09-13T15:45:42-04:00 Request accepts json 
WARN : 2019-09-13T15:45:42-04:00 Request rejected due to invalid session token 
TRACE: 2019-09-13T15:45:42-04:00 API information added to response body 
TRACE: 2019-09-13T15:45:42-04:00 API information added to response body 
TRACE: 2019-09-13T15:45:47-04:00 Request accepts json 
TRACE: 2019-09-13T15:45:48-04:00 Request sent valid CSRF token 
TRACE: 2019-09-13T15:45:48-04:00 API information added to response body 
DEBUG: 2019-09-13T15:45:48-04:00 Ensuring that password is removed from response body 
TRACE: 2019-09-13T15:45:48-04:00 API information added to response body 
TRACE: 2019-09-13T15:45:57-04:00 Request accepts json 
TRACE: 2019-09-13T15:45:57-04:00 API information added to response body 
TRACE: 2019-09-13T15:45:57-04:00 API information added to response body 
TRACE: 2019-09-13T15:46:05-04:00 Request accepts json 
TRACE: 2019-09-13T15:46:05-04:00 Request sent valid CSRF token 
DEBUG: 2019-09-13T15:46:05-04:00 Valid authorization token sent 
INFO : 2019-09-13T15:46:06-04:00 Updating user's last online time 
INFO : 2019-09-13T15:46:06-04:00 Admin only resource accessed successfully 
TRACE: 2019-09-13T15:46:06-04:00 API information added to response body 
TRACE: 2019-09-13T15:46:06-04:00 API information added to response body 
TRACE: 2019-09-13T15:46:10-04:00 Request accepts json 
TRACE: 2019-09-13T15:46:10-04:00 Request accepts json 
TRACE: 2019-09-13T15:46:10-04:00 API information added to response body 
TRACE: 2019-09-13T15:46:10-04:00 API information added to response body 
DEBUG: 2019-09-13T15:46:10-04:00 Valid authorization token sent 
INFO : 2019-09-13T15:46:10-04:00 Updating user's last online time 
TRACE: 2019-09-13T15:46:11-04:00 Data retrieved from cache 
DEBUG: 2019-09-13T15:46:11-04:00 caching /api/armory?page=1&count=10&sortColumn=_id&sortOrder=1 for 3600 seconds 
TRACE: 2019-09-13T15:46:14-04:00 Request accepts json 
DEBUG: 2019-09-13T15:46:14-04:00 Valid authorization token sent 
INFO : 2019-09-13T15:46:14-04:00 Updating user's last online time 
DEBUG: 2019-09-13T15:46:15-04:00 caching /api/armory?page=1&count=10&sortColumn=created_at&sortOrder=1 for 3600 seconds 
TRACE: 2019-09-13T15:46:15-04:00 API information added to response body 
TRACE: 2019-09-13T15:46:15-04:00 API information added to response body 
TRACE: 2019-09-13T15:52:43-04:00 Request accepts json 
TRACE: 2019-09-13T15:52:43-04:00 Request accepts json 
DEBUG: 2019-09-13T15:52:43-04:00 Valid authorization token sent 
TRACE: 2019-09-13T15:52:43-04:00 API information added to response body 
TRACE: 2019-09-13T15:52:43-04:00 API information added to response body 
INFO : 2019-09-13T15:52:43-04:00 Updating user's last online time 
DEBUG: 2019-09-13T15:52:44-04:00 caching /api/armory/5d7bf1fe285cb05049fed1ce for 3600 seconds 
TRACE: 2019-09-13T15:52:44-04:00 API information added to response body 
TRACE: 2019-09-13T15:52:44-04:00 API information added to response body 
TRACE: 2019-09-13T15:54:09-04:00 Request accepts json 
TRACE: 2019-09-13T15:54:09-04:00 Request accepts json 
TRACE: 2019-09-13T15:54:09-04:00 Request accepts json 
TRACE: 2019-09-13T15:54:09-04:00 Request accepts json 
INIT : 2019-09-13T15:56:54-04:00 Handler registered 
INFO : 2019-09-13T15:56:54-04:00 Server listening on port 3001 
INFO : 2019-09-13T15:56:54-04:00 Successfully connected to Redis server 
INFO : 2019-09-13T15:56:55-04:00 Connected to database 
TRACE: 2019-09-13T15:57:10-04:00 Request accepts json 
TRACE: 2019-09-13T15:57:10-04:00 Request accepts json 
TRACE: 2019-09-13T15:57:10-04:00 Request accepts json 
TRACE: 2019-09-13T15:57:10-04:00 Request accepts json 
TRACE: 2019-09-13T15:57:10-04:00 Request accepts json 
TRACE: 2019-09-13T15:57:10-04:00 Request accepts json 
TRACE: 2019-09-13T15:57:10-04:00 Request accepts json 
TRACE: 2019-09-13T15:57:11-04:00 Request accepts json 
TRACE: 2019-09-13T15:57:11-04:00 Request accepts json 
TRACE: 2019-09-13T15:57:11-04:00 Request accepts json 
TRACE: 2019-09-13T15:57:11-04:00 Request accepts json 
DEBUG: 2019-09-13T15:57:11-04:00 Valid authorization token sent 
TRACE: 2019-09-13T15:57:11-04:00 API information added to response body 
TRACE: 2019-09-13T15:57:11-04:00 API information added to response body 
INFO : 2019-09-13T15:57:11-04:00 Updating user's last online time 
TRACE: 2019-09-13T15:57:11-04:00 API information added to response body 
DEBUG: 2019-09-13T15:57:11-04:00 Ensuring that password is removed from response body 
TRACE: 2019-09-13T15:57:11-04:00 API information added to response body 
TRACE: 2019-09-13T15:57:13-04:00 Request accepts json 
TRACE: 2019-09-13T15:57:13-04:00 Request sent valid CSRF token 
INFO : 2019-09-13T15:57:13-04:00 invalid uri accessed. Falling back to default route for request 
TRACE: 2019-09-13T15:57:19-04:00 Request accepts json 
TRACE: 2019-09-13T15:57:19-04:00 Request sent valid CSRF token 
INFO : 2019-09-13T15:57:19-04:00 invalid uri accessed. Falling back to default route for request 
TRACE: 2019-09-13T15:57:21-04:00 Request accepts json 
TRACE: 2019-09-13T15:57:21-04:00 Request accepts json 
TRACE: 2019-09-13T15:57:21-04:00 Request accepts json 
TRACE: 2019-09-13T15:57:21-04:00 Request accepts json 
TRACE: 2019-09-13T15:57:21-04:00 Request accepts json 
TRACE: 2019-09-13T15:57:21-04:00 Request accepts json 
TRACE: 2019-09-13T15:57:21-04:00 Request accepts json 
TRACE: 2019-09-13T15:57:21-04:00 Request accepts json 
TRACE: 2019-09-13T15:57:21-04:00 Request accepts json 
TRACE: 2019-09-13T15:57:21-04:00 Request accepts json 
TRACE: 2019-09-13T15:57:21-04:00 Request accepts json 
TRACE: 2019-09-13T15:57:21-04:00 API information added to response body 
TRACE: 2019-09-13T15:57:21-04:00 API information added to response body 
DEBUG: 2019-09-13T15:57:21-04:00 Valid authorization token sent 
INFO : 2019-09-13T15:57:21-04:00 Updating user's last online time 
TRACE: 2019-09-13T15:57:21-04:00 API information added to response body 
DEBUG: 2019-09-13T15:57:21-04:00 Ensuring that password is removed from response body 
TRACE: 2019-09-13T15:57:21-04:00 API information added to response body 
TRACE: 2019-09-13T15:57:23-04:00 Request accepts json 
TRACE: 2019-09-13T15:57:23-04:00 Request accepts json 
TRACE: 2019-09-13T15:57:23-04:00 Request accepts json 
TRACE: 2019-09-13T15:57:23-04:00 Request accepts json 
TRACE: 2019-09-13T15:57:24-04:00 Request accepts json 
TRACE: 2019-09-13T15:57:24-04:00 Request accepts json 
TRACE: 2019-09-13T15:57:24-04:00 Request accepts json 
TRACE: 2019-09-13T15:57:24-04:00 Request accepts json 
TRACE: 2019-09-13T15:57:24-04:00 Request accepts json 
TRACE: 2019-09-13T15:57:24-04:00 Request accepts json 
TRACE: 2019-09-13T15:57:24-04:00 API information added to response body 
TRACE: 2019-09-13T15:57:24-04:00 API information added to response body 
DEBUG: 2019-09-13T15:57:24-04:00 Valid authorization token sent 
INFO : 2019-09-13T15:57:24-04:00 Updating user's last online time 
TRACE: 2019-09-13T15:57:24-04:00 API information added to response body 
DEBUG: 2019-09-13T15:57:24-04:00 Ensuring that password is removed from response body 
TRACE: 2019-09-13T15:57:24-04:00 API information added to response body 
TRACE: 2019-09-13T15:57:25-04:00 Request accepts json 
TRACE: 2019-09-13T15:57:25-04:00 Request sent valid CSRF token 
TRACE: 2019-09-13T15:57:25-04:00 API information added to response body 
DEBUG: 2019-09-13T15:57:25-04:00 Ensuring that password is removed from response body 
TRACE: 2019-09-13T15:57:25-04:00 API information added to response body 
TRACE: 2019-09-13T15:57:29-04:00 Request accepts json 
TRACE: 2019-09-13T15:57:29-04:00 Request accepts json 
DEBUG: 2019-09-13T15:57:29-04:00 Valid authorization token sent 
TRACE: 2019-09-13T15:57:29-04:00 API information added to response body 
TRACE: 2019-09-13T15:57:29-04:00 API information added to response body 
INFO : 2019-09-13T15:57:29-04:00 Updating user's last online time 
TRACE: 2019-09-13T15:57:29-04:00 Data retrieved from cache 
DEBUG: 2019-09-13T15:57:29-04:00 caching /api/armory?page=1&count=10&sortColumn=_id&sortOrder=1 for 3600 seconds 
TRACE: 2019-09-13T15:57:30-04:00 Request accepts json 
TRACE: 2019-09-13T15:57:30-04:00 Request accepts json 
DEBUG: 2019-09-13T15:57:30-04:00 Valid authorization token sent 
TRACE: 2019-09-13T15:57:30-04:00 API information added to response body 
TRACE: 2019-09-13T15:57:30-04:00 API information added to response body 
INFO : 2019-09-13T15:57:30-04:00 Updating user's last online time 
TRACE: 2019-09-13T15:57:30-04:00 Data retrieved from cache 
DEBUG: 2019-09-13T15:57:30-04:00 caching /api/armory/5d7bf1fe285cb05049fed1ce for 3600 seconds 
TRACE: 2019-09-13T15:57:33-04:00 Request accepts json 
TRACE: 2019-09-13T15:57:33-04:00 Request sent valid CSRF token 
DEBUG: 2019-09-13T15:57:33-04:00 Valid authorization token sent 
INFO : 2019-09-13T15:57:33-04:00 Updating user's last online time 
INFO : 2019-09-13T15:57:34-04:00 Admin only resource accessed successfully 
TRACE: 2019-09-13T15:57:34-04:00 API information added to response body 
TRACE: 2019-09-13T15:57:34-04:00 API information added to response body 
TRACE: 2019-09-13T16:16:46-04:00 Request accepts json 
TRACE: 2019-09-13T16:16:50-04:00 Request accepts json 
TRACE: 2019-09-13T16:16:50-04:00 Request accepts json 
DEBUG: 2019-09-13T16:16:50-04:00 Valid authorization token sent 
TRACE: 2019-09-13T16:16:50-04:00 API information added to response body 
TRACE: 2019-09-13T16:16:50-04:00 API information added to response body 
INFO : 2019-09-13T16:16:50-04:00 Updating user's last online time 
TRACE: 2019-09-13T16:16:50-04:00 Data retrieved from cache 
DEBUG: 2019-09-13T16:16:50-04:00 caching /api/armory?page=1&count=10&sortColumn=_id&sortOrder=1 for 3600 seconds 
INIT : 2019-09-13T16:17:51-04:00 Handler registered 
INFO : 2019-09-13T16:17:51-04:00 Server listening on port 3001 
INFO : 2019-09-13T16:17:51-04:00 Successfully connected to Redis server 
INFO : 2019-09-13T16:17:51-04:00 Connected to database 
TRACE: 2019-09-13T16:18:00-04:00 Request accepts json 
TRACE: 2019-09-13T16:18:00-04:00 Request accepts json 
TRACE: 2019-09-13T16:18:00-04:00 Request accepts json 
TRACE: 2019-09-13T16:18:00-04:00 Request accepts json 
TRACE: 2019-09-13T16:18:01-04:00 Request accepts json 
TRACE: 2019-09-13T16:18:01-04:00 Request accepts json 
TRACE: 2019-09-13T16:18:01-04:00 Request accepts json 
TRACE: 2019-09-13T16:18:01-04:00 Request accepts json 
TRACE: 2019-09-13T16:18:01-04:00 Request accepts json 
TRACE: 2019-09-13T16:18:01-04:00 Request accepts json 
TRACE: 2019-09-13T16:18:01-04:00 Request accepts json 
DEBUG: 2019-09-13T16:18:01-04:00 Valid authorization token sent 
TRACE: 2019-09-13T16:18:01-04:00 API information added to response body 
TRACE: 2019-09-13T16:18:01-04:00 API information added to response body 
INFO : 2019-09-13T16:18:01-04:00 Updating user's last online time 
TRACE: 2019-09-13T16:18:01-04:00 API information added to response body 
DEBUG: 2019-09-13T16:18:01-04:00 Ensuring that password is removed from response body 
TRACE: 2019-09-13T16:18:01-04:00 API information added to response body 
TRACE: 2019-09-13T16:18:04-04:00 Request accepts json 
TRACE: 2019-09-13T16:18:04-04:00 Request sent valid CSRF token 
INIT : 2019-09-13T16:18:27-04:00 Handler registered 
INFO : 2019-09-13T16:18:27-04:00 Server listening on port 3001 
INFO : 2019-09-13T16:18:27-04:00 Successfully connected to Redis server 
INFO : 2019-09-13T16:18:28-04:00 Connected to database 
TRACE: 2019-09-13T16:18:51-04:00 Request accepts json 
TRACE: 2019-09-13T16:18:51-04:00 Request accepts json 
TRACE: 2019-09-13T16:18:51-04:00 Request accepts json 
TRACE: 2019-09-13T16:18:51-04:00 Request accepts json 
TRACE: 2019-09-13T16:18:51-04:00 Request accepts json 
TRACE: 2019-09-13T16:18:52-04:00 Request accepts json 
TRACE: 2019-09-13T16:18:52-04:00 Request accepts json 
TRACE: 2019-09-13T16:18:52-04:00 Request accepts json 
TRACE: 2019-09-13T16:18:52-04:00 Request accepts json 
TRACE: 2019-09-13T16:18:52-04:00 Request accepts json 
TRACE: 2019-09-13T16:18:52-04:00 Request accepts json 
TRACE: 2019-09-13T16:18:52-04:00 API information added to response body 
TRACE: 2019-09-13T16:18:52-04:00 API information added to response body 
DEBUG: 2019-09-13T16:18:52-04:00 Valid authorization token sent 
INFO : 2019-09-13T16:18:52-04:00 Updating user's last online time 
TRACE: 2019-09-13T16:18:52-04:00 API information added to response body 
DEBUG: 2019-09-13T16:18:52-04:00 Ensuring that password is removed from response body 
TRACE: 2019-09-13T16:18:52-04:00 API information added to response body 
TRACE: 2019-09-13T16:18:57-04:00 Request accepts json 
TRACE: 2019-09-13T16:18:57-04:00 Request sent valid CSRF token 
